{"/Users/rajmahey/Documents/reservation-finder/apps/api/src/enrichers/yelp.js": {"path":"/Users/rajmahey/Documents/reservation-finder/apps/api/src/enrichers/yelp.js","statementMap":{"0":{"start":{"line":1,"column":14},"end":{"line":1,"column":30}},"1":{"start":{"line":3,"column":17},"end":{"line":3,"column":41}},"2":{"start":{"line":6,"column":2},"end":{"line":6,"column":49}},"3":{"start":{"line":6,"column":30},"end":{"line":6,"column":49}},"4":{"start":{"line":8,"column":2},"end":{"line":40,"column":3}},"5":{"start":{"line":9,"column":16},"end":{"line":19,"column":6}},"6":{"start":{"line":21,"column":20},"end":{"line":21,"column":29}},"7":{"start":{"line":22,"column":4},"end":{"line":24,"column":5}},"8":{"start":{"line":23,"column":6},"end":{"line":23,"column":40}},"9":{"start":{"line":26,"column":4},"end":{"line":37,"column":7}},"10":{"start":{"line":27,"column":20},"end":{"line":27,"column":50}},"11":{"start":{"line":28,"column":6},"end":{"line":28,"column":27}},"12":{"start":{"line":28,"column":18},"end":{"line":28,"column":27}},"13":{"start":{"line":29,"column":6},"end":{"line":36,"column":8}},"14":{"start":{"line":34,"column":67},"end":{"line":34,"column":74}},"15":{"start":{"line":39,"column":4},"end":{"line":39,"column":23}},"16":{"start":{"line":44,"column":2},"end":{"line":44,"column":54}},"17":{"start":{"line":47,"column":0},"end":{"line":47,"column":36}}},"fnMap":{"0":{"name":"enrichWithYelp","decl":{"start":{"line":5,"column":15},"end":{"line":5,"column":29}},"loc":{"start":{"line":5,"column":53},"end":{"line":41,"column":1}},"line":5},"1":{"name":"(anonymous_1)","decl":{"start":{"line":26,"column":27},"end":{"line":26,"column":28}},"loc":{"start":{"line":26,"column":34},"end":{"line":37,"column":5}},"line":26},"2":{"name":"(anonymous_2)","decl":{"start":{"line":34,"column":60},"end":{"line":34,"column":61}},"loc":{"start":{"line":34,"column":67},"end":{"line":34,"column":74}},"line":34},"3":{"name":"normalize","decl":{"start":{"line":43,"column":9},"end":{"line":43,"column":18}},"loc":{"start":{"line":43,"column":30},"end":{"line":45,"column":1}},"line":43}},"branchMap":{"0":{"loc":{"start":{"line":6,"column":2},"end":{"line":6,"column":49}},"type":"if","locations":[{"start":{"line":6,"column":2},"end":{"line":6,"column":49}},{"start":{},"end":{}}],"line":6},"1":{"loc":{"start":{"line":6,"column":6},"end":{"line":6,"column":28}},"type":"binary-expr","locations":[{"start":{"line":6,"column":6},"end":{"line":6,"column":15}},{"start":{"line":6,"column":19},"end":{"line":6,"column":28}}],"line":6},"2":{"loc":{"start":{"line":22,"column":20},"end":{"line":22,"column":46}},"type":"binary-expr","locations":[{"start":{"line":22,"column":20},"end":{"line":22,"column":40}},{"start":{"line":22,"column":44},"end":{"line":22,"column":46}}],"line":22},"3":{"loc":{"start":{"line":28,"column":6},"end":{"line":28,"column":27}},"type":"if","locations":[{"start":{"line":28,"column":6},"end":{"line":28,"column":27}},{"start":{},"end":{}}],"line":28},"4":{"loc":{"start":{"line":31,"column":16},"end":{"line":31,"column":48}},"type":"binary-expr","locations":[{"start":{"line":31,"column":16},"end":{"line":31,"column":24}},{"start":{"line":31,"column":28},"end":{"line":31,"column":48}}],"line":31},"5":{"loc":{"start":{"line":32,"column":21},"end":{"line":32,"column":56}},"type":"binary-expr","locations":[{"start":{"line":32,"column":21},"end":{"line":32,"column":34}},{"start":{"line":32,"column":38},"end":{"line":32,"column":56}}],"line":32},"6":{"loc":{"start":{"line":33,"column":16},"end":{"line":33,"column":78}},"type":"cond-expr","locations":[{"start":{"line":33,"column":34},"end":{"line":33,"column":42}},{"start":{"line":33,"column":45},"end":{"line":33,"column":78}}],"line":33},"7":{"loc":{"start":{"line":34,"column":21},"end":{"line":34,"column":103}},"type":"binary-expr","locations":[{"start":{"line":34,"column":21},"end":{"line":34,"column":34}},{"start":{"line":34,"column":38},"end":{"line":34,"column":86}},{"start":{"line":34,"column":90},"end":{"line":34,"column":103}}],"line":34},"8":{"loc":{"start":{"line":43,"column":19},"end":{"line":43,"column":28}},"type":"default-arg","locations":[{"start":{"line":43,"column":26},"end":{"line":43,"column":28}}],"line":43}},"s":{"0":1,"1":1,"2":0,"3":0,"4":0,"5":0,"6":0,"7":0,"8":0,"9":0,"10":0,"11":0,"12":0,"13":0,"14":0,"15":0,"16":0,"17":1},"f":{"0":0,"1":0,"2":0,"3":0},"b":{"0":[0,0],"1":[0,0],"2":[0,0],"3":[0,0],"4":[0,0],"5":[0,0],"6":[0,0],"7":[0,0,0],"8":[0]},"_coverageSchema":"1a1c01bbd47fc00a2c39e90264f33305004495a9","hash":"714ddf6ce990108d442b6bb36028206c518c8165"}
,"/Users/rajmahey/Documents/reservation-finder/apps/api/src/routes/search.js": {"path":"/Users/rajmahey/Documents/reservation-finder/apps/api/src/routes/search.js","statementMap":{"0":{"start":{"line":1,"column":16},"end":{"line":1,"column":34}},"1":{"start":{"line":2,"column":15},"end":{"line":2,"column":31}},"2":{"start":{"line":3,"column":24},"end":{"line":3,"column":54}},"3":{"start":{"line":4,"column":18},"end":{"line":4,"column":50}},"4":{"start":{"line":5,"column":13},"end":{"line":5,"column":40}},"5":{"start":{"line":6,"column":13},"end":{"line":6,"column":40}},"6":{"start":{"line":7,"column":19},"end":{"line":7,"column":52}},"7":{"start":{"line":8,"column":16},"end":{"line":8,"column":46}},"8":{"start":{"line":9,"column":27},"end":{"line":9,"column":55}},"9":{"start":{"line":13,"column":25},"end":{"line":17,"column":1}},"10":{"start":{"line":14,"column":35},"end":{"line":14,"column":60}},"11":{"start":{"line":15,"column":35},"end":{"line":15,"column":66}},"12":{"start":{"line":16,"column":34},"end":{"line":16,"column":62}},"13":{"start":{"line":20,"column":2},"end":{"line":20,"column":66}},"14":{"start":{"line":24,"column":68},"end":{"line":24,"column":73}},"15":{"start":{"line":25,"column":2},"end":{"line":32,"column":4}},"16":{"start":{"line":36,"column":0},"end":{"line":94,"column":3}},"17":{"start":{"line":37,"column":52},"end":{"line":37,"column":79}},"18":{"start":{"line":39,"column":2},"end":{"line":41,"column":3}},"19":{"start":{"line":40,"column":4},"end":{"line":40,"column":73}},"20":{"start":{"line":43,"column":2},"end":{"line":43,"column":53}},"21":{"start":{"line":44,"column":2},"end":{"line":44,"column":45}},"22":{"start":{"line":45,"column":2},"end":{"line":45,"column":44}},"23":{"start":{"line":46,"column":2},"end":{"line":46,"column":43}},"24":{"start":{"line":47,"column":2},"end":{"line":47,"column":21}},"25":{"start":{"line":51,"column":2},"end":{"line":67,"column":3}},"26":{"start":{"line":52,"column":4},"end":{"line":52,"column":89}},"27":{"start":{"line":53,"column":4},"end":{"line":53,"column":91}},"28":{"start":{"line":55,"column":4},"end":{"line":66,"column":5}},"29":{"start":{"line":56,"column":6},"end":{"line":56,"column":86}},"30":{"start":{"line":57,"column":6},"end":{"line":57,"column":41}},"31":{"start":{"line":58,"column":6},"end":{"line":61,"column":7}},"32":{"start":{"line":59,"column":8},"end":{"line":59,"column":104}},"33":{"start":{"line":60,"column":8},"end":{"line":60,"column":25}},"34":{"start":{"line":62,"column":6},"end":{"line":62,"column":103}},"35":{"start":{"line":64,"column":6},"end":{"line":64,"column":61}},"36":{"start":{"line":65,"column":6},"end":{"line":65,"column":94}},"37":{"start":{"line":69,"column":15},"end":{"line":69,"column":56}},"38":{"start":{"line":70,"column":23},"end":{"line":70,"column":25}},"39":{"start":{"line":72,"column":2},"end":{"line":83,"column":4}},"40":{"start":{"line":74,"column":6},"end":{"line":74,"column":79}},"41":{"start":{"line":75,"column":6},"end":{"line":81,"column":7}},"42":{"start":{"line":76,"column":24},"end":{"line":76,"column":38}},"43":{"start":{"line":77,"column":8},"end":{"line":77,"column":40}},"44":{"start":{"line":78,"column":8},"end":{"line":78,"column":79}},"45":{"start":{"line":80,"column":8},"end":{"line":80,"column":82}},"46":{"start":{"line":85,"column":2},"end":{"line":90,"column":3}},"47":{"start":{"line":86,"column":4},"end":{"line":89,"column":18}},"48":{"start":{"line":87,"column":6},"end":{"line":87,"column":70}},"49":{"start":{"line":88,"column":6},"end":{"line":88,"column":65}},"50":{"start":{"line":92,"column":2},"end":{"line":92,"column":58}},"51":{"start":{"line":93,"column":2},"end":{"line":93,"column":12}},"52":{"start":{"line":97,"column":0},"end":{"line":116,"column":3}},"53":{"start":{"line":98,"column":52},"end":{"line":98,"column":79}},"54":{"start":{"line":99,"column":2},"end":{"line":99,"column":91}},"55":{"start":{"line":99,"column":22},"end":{"line":99,"column":91}},"56":{"start":{"line":101,"column":2},"end":{"line":115,"column":3}},"57":{"start":{"line":102,"column":19},"end":{"line":102,"column":23}},"58":{"start":{"line":103,"column":4},"end":{"line":107,"column":5}},"59":{"start":{"line":104,"column":6},"end":{"line":104,"column":76}},"60":{"start":{"line":106,"column":6},"end":{"line":106,"column":59}},"61":{"start":{"line":106,"column":53},"end":{"line":106,"column":57}},"62":{"start":{"line":109,"column":17},"end":{"line":109,"column":58}},"63":{"start":{"line":110,"column":20},"end":{"line":110,"column":88}},"64":{"start":{"line":110,"column":78},"end":{"line":110,"column":86}},"65":{"start":{"line":111,"column":24},"end":{"line":111,"column":95}},"66":{"start":{"line":111,"column":46},"end":{"line":111,"column":70}},"67":{"start":{"line":111,"column":87},"end":{"line":111,"column":94}},"68":{"start":{"line":112,"column":4},"end":{"line":112,"column":67}},"69":{"start":{"line":114,"column":4},"end":{"line":114,"column":49}},"70":{"start":{"line":118,"column":0},"end":{"line":118,"column":24}}},"fnMap":{"0":{"name":"(anonymous_0)","decl":{"start":{"line":14,"column":28},"end":{"line":14,"column":29}},"loc":{"start":{"line":14,"column":35},"end":{"line":14,"column":60}},"line":14},"1":{"name":"(anonymous_1)","decl":{"start":{"line":15,"column":28},"end":{"line":15,"column":29}},"loc":{"start":{"line":15,"column":35},"end":{"line":15,"column":66}},"line":15},"2":{"name":"(anonymous_2)","decl":{"start":{"line":16,"column":27},"end":{"line":16,"column":28}},"loc":{"start":{"line":16,"column":34},"end":{"line":16,"column":62}},"line":16},"3":{"name":"sseWrite","decl":{"start":{"line":19,"column":9},"end":{"line":19,"column":17}},"loc":{"start":{"line":19,"column":36},"end":{"line":21,"column":1}},"line":19},"4":{"name":"parseSearchQuery","decl":{"start":{"line":23,"column":9},"end":{"line":23,"column":25}},"loc":{"start":{"line":23,"column":33},"end":{"line":33,"column":1}},"line":23},"5":{"name":"(anonymous_5)","decl":{"start":{"line":36,"column":22},"end":{"line":36,"column":23}},"loc":{"start":{"line":36,"column":42},"end":{"line":94,"column":1}},"line":36},"6":{"name":"(anonymous_6)","decl":{"start":{"line":73,"column":25},"end":{"line":73,"column":26}},"loc":{"start":{"line":73,"column":49},"end":{"line":82,"column":5}},"line":73},"7":{"name":"(anonymous_7)","decl":{"start":{"line":97,"column":16},"end":{"line":97,"column":17}},"loc":{"start":{"line":97,"column":36},"end":{"line":116,"column":1}},"line":97},"8":{"name":"(anonymous_8)","decl":{"start":{"line":106,"column":47},"end":{"line":106,"column":48}},"loc":{"start":{"line":106,"column":53},"end":{"line":106,"column":57}},"line":106},"9":{"name":"(anonymous_9)","decl":{"start":{"line":110,"column":66},"end":{"line":110,"column":67}},"loc":{"start":{"line":110,"column":78},"end":{"line":110,"column":86}},"line":110},"10":{"name":"(anonymous_10)","decl":{"start":{"line":111,"column":39},"end":{"line":111,"column":40}},"loc":{"start":{"line":111,"column":46},"end":{"line":111,"column":70}},"line":111},"11":{"name":"(anonymous_11)","decl":{"start":{"line":111,"column":80},"end":{"line":111,"column":81}},"loc":{"start":{"line":111,"column":87},"end":{"line":111,"column":94}},"line":111}},"branchMap":{"0":{"loc":{"start":{"line":24,"column":22},"end":{"line":24,"column":37}},"type":"default-arg","locations":[{"start":{"line":24,"column":34},"end":{"line":24,"column":37}}],"line":24},"1":{"loc":{"start":{"line":24,"column":39},"end":{"line":24,"column":53}},"type":"default-arg","locations":[{"start":{"line":24,"column":46},"end":{"line":24,"column":53}}],"line":24},"2":{"loc":{"start":{"line":28,"column":40},"end":{"line":28,"column":64}},"type":"binary-expr","locations":[{"start":{"line":28,"column":40},"end":{"line":28,"column":59}},{"start":{"line":28,"column":63},"end":{"line":28,"column":64}}],"line":28},"3":{"loc":{"start":{"line":30,"column":9},"end":{"line":30,"column":37}},"type":"cond-expr","locations":[{"start":{"line":30,"column":15},"end":{"line":30,"column":30}},{"start":{"line":30,"column":33},"end":{"line":30,"column":37}}],"line":30},"4":{"loc":{"start":{"line":31,"column":9},"end":{"line":31,"column":37}},"type":"cond-expr","locations":[{"start":{"line":31,"column":15},"end":{"line":31,"column":30}},{"start":{"line":31,"column":33},"end":{"line":31,"column":37}}],"line":31},"5":{"loc":{"start":{"line":39,"column":2},"end":{"line":41,"column":3}},"type":"if","locations":[{"start":{"line":39,"column":2},"end":{"line":41,"column":3}},{"start":{},"end":{}}],"line":39},"6":{"loc":{"start":{"line":39,"column":6},"end":{"line":39,"column":20}},"type":"binary-expr","locations":[{"start":{"line":39,"column":6},"end":{"line":39,"column":11}},{"start":{"line":39,"column":15},"end":{"line":39,"column":20}}],"line":39},"7":{"loc":{"start":{"line":51,"column":2},"end":{"line":67,"column":3}},"type":"if","locations":[{"start":{"line":51,"column":2},"end":{"line":67,"column":3}},{"start":{"line":54,"column":9},"end":{"line":67,"column":3}}],"line":51},"8":{"loc":{"start":{"line":51,"column":6},"end":{"line":51,"column":16}},"type":"binary-expr","locations":[{"start":{"line":51,"column":6},"end":{"line":51,"column":9}},{"start":{"line":51,"column":13},"end":{"line":51,"column":16}}],"line":51},"9":{"loc":{"start":{"line":58,"column":6},"end":{"line":61,"column":7}},"type":"if","locations":[{"start":{"line":58,"column":6},"end":{"line":61,"column":7}},{"start":{},"end":{}}],"line":58},"10":{"loc":{"start":{"line":85,"column":2},"end":{"line":90,"column":3}},"type":"if","locations":[{"start":{"line":85,"column":2},"end":{"line":90,"column":3}},{"start":{},"end":{}}],"line":85},"11":{"loc":{"start":{"line":85,"column":6},"end":{"line":85,"column":55}},"type":"binary-expr","locations":[{"start":{"line":85,"column":6},"end":{"line":85,"column":30}},{"start":{"line":85,"column":34},"end":{"line":85,"column":55}}],"line":85},"12":{"loc":{"start":{"line":99,"column":2},"end":{"line":99,"column":91}},"type":"if","locations":[{"start":{"line":99,"column":2},"end":{"line":99,"column":91}},{"start":{},"end":{}}],"line":99},"13":{"loc":{"start":{"line":99,"column":6},"end":{"line":99,"column":20}},"type":"binary-expr","locations":[{"start":{"line":99,"column":6},"end":{"line":99,"column":11}},{"start":{"line":99,"column":15},"end":{"line":99,"column":20}}],"line":99},"14":{"loc":{"start":{"line":103,"column":4},"end":{"line":107,"column":5}},"type":"if","locations":[{"start":{"line":103,"column":4},"end":{"line":107,"column":5}},{"start":{"line":105,"column":11},"end":{"line":107,"column":5}}],"line":103},"15":{"loc":{"start":{"line":103,"column":8},"end":{"line":103,"column":18}},"type":"binary-expr","locations":[{"start":{"line":103,"column":8},"end":{"line":103,"column":11}},{"start":{"line":103,"column":15},"end":{"line":103,"column":18}}],"line":103}},"s":{"0":1,"1":1,"2":1,"3":1,"4":1,"5":1,"6":1,"7":1,"8":1,"9":1,"10":4,"11":4,"12":4,"13":9,"14":8,"15":8,"16":1,"17":3,"18":3,"19":2,"20":1,"21":1,"22":1,"23":1,"24":1,"25":1,"26":0,"27":0,"28":1,"29":1,"30":1,"31":1,"32":0,"33":0,"34":1,"35":0,"36":0,"37":1,"38":1,"39":1,"40":3,"41":3,"42":3,"43":3,"44":3,"45":0,"46":1,"47":0,"48":0,"49":0,"50":1,"51":1,"52":1,"53":5,"54":5,"55":2,"56":3,"57":3,"58":3,"59":0,"60":3,"61":0,"62":3,"63":3,"64":9,"65":3,"66":9,"67":9,"68":3,"69":0,"70":1},"f":{"0":4,"1":4,"2":4,"3":9,"4":8,"5":3,"6":3,"7":5,"8":0,"9":9,"10":9,"11":9},"b":{"0":[5],"1":[6],"2":[8,0],"3":[0,8],"4":[0,8],"5":[2,1],"6":[3,2],"7":[0,1],"8":[1,0],"9":[0,1],"10":[0,1],"11":[1,0],"12":[2,3],"13":[5,4],"14":[0,3],"15":[3,0]},"_coverageSchema":"1a1c01bbd47fc00a2c39e90264f33305004495a9","hash":"280ffcca1eec8e6c5aa653358e7c82c7103eef51"}
,"/Users/rajmahey/Documents/reservation-finder/apps/api/src/scrapers/opentable.js": {"path":"/Users/rajmahey/Documents/reservation-finder/apps/api/src/scrapers/opentable.js","statementMap":{"0":{"start":{"line":1,"column":15},"end":{"line":1,"column":33}},"1":{"start":{"line":2,"column":25},"end":{"line":2,"column":55}},"2":{"start":{"line":3,"column":28},"end":{"line":3,"column":53}},"3":{"start":{"line":5,"column":15},"end":{"line":7,"column":2}},"4":{"start":{"line":9,"column":18},"end":{"line":9,"column":58}},"5":{"start":{"line":12,"column":14},"end":{"line":12,"column":58}},"6":{"start":{"line":13,"column":2},"end":{"line":13,"column":44}},"7":{"start":{"line":13,"column":22},"end":{"line":13,"column":44}},"8":{"start":{"line":15,"column":17},"end":{"line":15,"column":70}},"9":{"start":{"line":16,"column":2},"end":{"line":16,"column":63}},"10":{"start":{"line":16,"column":27},"end":{"line":16,"column":63}},"11":{"start":{"line":18,"column":20},"end":{"line":18,"column":89}},"12":{"start":{"line":19,"column":22},"end":{"line":19,"column":92}},"13":{"start":{"line":21,"column":21},"end":{"line":21,"column":57}},"14":{"start":{"line":22,"column":16},"end":{"line":22,"column":25}},"15":{"start":{"line":23,"column":20},"end":{"line":27,"column":3}},"16":{"start":{"line":25,"column":6},"end":{"line":25,"column":97}},"17":{"start":{"line":25,"column":18},"end":{"line":25,"column":96}},"18":{"start":{"line":25,"column":75},"end":{"line":25,"column":94}},"19":{"start":{"line":28,"column":20},"end":{"line":28,"column":74}},"20":{"start":{"line":28,"column":53},"end":{"line":28,"column":72}},"21":{"start":{"line":29,"column":17},"end":{"line":29,"column":45}},"22":{"start":{"line":31,"column":2},"end":{"line":31,"column":25}},"23":{"start":{"line":32,"column":2},"end":{"line":32,"column":16}},"24":{"start":{"line":36,"column":19},"end":{"line":36,"column":50}},"25":{"start":{"line":37,"column":17},"end":{"line":45,"column":3}},"26":{"start":{"line":47,"column":14},"end":{"line":50,"column":4}},"27":{"start":{"line":52,"column":16},"end":{"line":55,"column":5}},"28":{"start":{"line":52,"column":59},"end":{"line":55,"column":3}},"29":{"start":{"line":57,"column":2},"end":{"line":57,"column":34}},"30":{"start":{"line":61,"column":17},"end":{"line":61,"column":19}},"31":{"start":{"line":62,"column":2},"end":{"line":64,"column":69}},"32":{"start":{"line":62,"column":24},"end":{"line":62,"column":61}},"33":{"start":{"line":63,"column":7},"end":{"line":64,"column":69}},"34":{"start":{"line":63,"column":30},"end":{"line":63,"column":61}},"35":{"start":{"line":64,"column":7},"end":{"line":64,"column":69}},"36":{"start":{"line":64,"column":35},"end":{"line":64,"column":69}},"37":{"start":{"line":66,"column":2},"end":{"line":80,"column":4}},"38":{"start":{"line":84,"column":17},"end":{"line":84,"column":47}},"39":{"start":{"line":85,"column":15},"end":{"line":85,"column":38}},"40":{"start":{"line":86,"column":2},"end":{"line":86,"column":79}},"41":{"start":{"line":89,"column":0},"end":{"line":89,"column":70}}},"fnMap":{"0":{"name":"searchRestaurants","decl":{"start":{"line":11,"column":15},"end":{"line":11,"column":32}},"loc":{"start":{"line":11,"column":76},"end":{"line":33,"column":1}},"line":11},"1":{"name":"(anonymous_1)","decl":{"start":{"line":24,"column":32},"end":{"line":24,"column":33}},"loc":{"start":{"line":25,"column":6},"end":{"line":25,"column":97}},"line":25},"2":{"name":"(anonymous_2)","decl":{"start":{"line":25,"column":12},"end":{"line":25,"column":13}},"loc":{"start":{"line":25,"column":18},"end":{"line":25,"column":96}},"line":25},"3":{"name":"(anonymous_3)","decl":{"start":{"line":25,"column":68},"end":{"line":25,"column":69}},"loc":{"start":{"line":25,"column":75},"end":{"line":25,"column":94}},"line":25},"4":{"name":"(anonymous_4)","decl":{"start":{"line":28,"column":45},"end":{"line":28,"column":46}},"loc":{"start":{"line":28,"column":53},"end":{"line":28,"column":72}},"line":28},"5":{"name":"fetchAvailability","decl":{"start":{"line":35,"column":15},"end":{"line":35,"column":32}},"loc":{"start":{"line":35,"column":68},"end":{"line":58,"column":1}},"line":35},"6":{"name":"(anonymous_6)","decl":{"start":{"line":52,"column":51},"end":{"line":52,"column":52}},"loc":{"start":{"line":52,"column":59},"end":{"line":55,"column":3}},"line":52},"7":{"name":"normalizeRestaurant","decl":{"start":{"line":60,"column":9},"end":{"line":60,"column":28}},"loc":{"start":{"line":60,"column":32},"end":{"line":81,"column":1}},"line":60},"8":{"name":"addHours","decl":{"start":{"line":83,"column":9},"end":{"line":83,"column":17}},"loc":{"start":{"line":83,"column":34},"end":{"line":87,"column":1}},"line":83}},"branchMap":{"0":{"loc":{"start":{"line":13,"column":2},"end":{"line":13,"column":44}},"type":"if","locations":[{"start":{"line":13,"column":2},"end":{"line":13,"column":44}},{"start":{},"end":{}}],"line":13},"1":{"loc":{"start":{"line":16,"column":2},"end":{"line":16,"column":63}},"type":"if","locations":[{"start":{"line":16,"column":2},"end":{"line":16,"column":63}},{"start":{},"end":{}}],"line":16},"2":{"loc":{"start":{"line":19,"column":22},"end":{"line":19,"column":92}},"type":"binary-expr","locations":[{"start":{"line":19,"column":22},"end":{"line":19,"column":52}},{"start":{"line":19,"column":56},"end":{"line":19,"column":86}},{"start":{"line":19,"column":90},"end":{"line":19,"column":92}}],"line":19},"3":{"loc":{"start":{"line":36,"column":30},"end":{"line":36,"column":45}},"type":"binary-expr","locations":[{"start":{"line":36,"column":30},"end":{"line":36,"column":34}},{"start":{"line":36,"column":38},"end":{"line":36,"column":45}}],"line":36},"4":{"loc":{"start":{"line":41,"column":15},"end":{"line":41,"column":30}},"type":"binary-expr","locations":[{"start":{"line":41,"column":15},"end":{"line":41,"column":19}},{"start":{"line":41,"column":23},"end":{"line":41,"column":30}}],"line":41},"5":{"loc":{"start":{"line":42,"column":22},"end":{"line":42,"column":37}},"type":"binary-expr","locations":[{"start":{"line":42,"column":22},"end":{"line":42,"column":26}},{"start":{"line":42,"column":30},"end":{"line":42,"column":37}}],"line":42},"6":{"loc":{"start":{"line":52,"column":17},"end":{"line":52,"column":45}},"type":"binary-expr","locations":[{"start":{"line":52,"column":17},"end":{"line":52,"column":39}},{"start":{"line":52,"column":43},"end":{"line":52,"column":45}}],"line":52},"7":{"loc":{"start":{"line":53,"column":10},"end":{"line":53,"column":69}},"type":"cond-expr","locations":[{"start":{"line":53,"column":23},"end":{"line":53,"column":60}},{"start":{"line":53,"column":63},"end":{"line":53,"column":69}}],"line":53},"8":{"loc":{"start":{"line":62,"column":2},"end":{"line":64,"column":69}},"type":"if","locations":[{"start":{"line":62,"column":2},"end":{"line":64,"column":69}},{"start":{"line":63,"column":7},"end":{"line":64,"column":69}}],"line":62},"9":{"loc":{"start":{"line":63,"column":7},"end":{"line":64,"column":69}},"type":"if","locations":[{"start":{"line":63,"column":7},"end":{"line":64,"column":69}},{"start":{"line":64,"column":7},"end":{"line":64,"column":69}}],"line":63},"10":{"loc":{"start":{"line":64,"column":7},"end":{"line":64,"column":69}},"type":"if","locations":[{"start":{"line":64,"column":7},"end":{"line":64,"column":69}},{"start":{},"end":{}}],"line":64},"11":{"loc":{"start":{"line":67,"column":21},"end":{"line":67,"column":42}},"type":"binary-expr","locations":[{"start":{"line":67,"column":21},"end":{"line":67,"column":25}},{"start":{"line":67,"column":29},"end":{"line":67,"column":34}},{"start":{"line":67,"column":38},"end":{"line":67,"column":42}}],"line":67},"12":{"loc":{"start":{"line":68,"column":10},"end":{"line":68,"column":39}},"type":"binary-expr","locations":[{"start":{"line":68,"column":10},"end":{"line":68,"column":16}},{"start":{"line":68,"column":20},"end":{"line":68,"column":26}},{"start":{"line":68,"column":30},"end":{"line":68,"column":39}}],"line":68},"13":{"loc":{"start":{"line":70,"column":13},"end":{"line":70,"column":111}},"type":"cond-expr","locations":[{"start":{"line":70,"column":44},"end":{"line":70,"column":68}},{"start":{"line":70,"column":72},"end":{"line":70,"column":110}}],"line":70},"14":{"loc":{"start":{"line":70,"column":72},"end":{"line":70,"column":110}},"type":"binary-expr","locations":[{"start":{"line":70,"column":72},"end":{"line":70,"column":81}},{"start":{"line":70,"column":85},"end":{"line":70,"column":94}},{"start":{"line":70,"column":98},"end":{"line":70,"column":110}}],"line":70},"15":{"loc":{"start":{"line":71,"column":18},"end":{"line":71,"column":56}},"type":"binary-expr","locations":[{"start":{"line":71,"column":18},"end":{"line":71,"column":32}},{"start":{"line":71,"column":36},"end":{"line":71,"column":50}},{"start":{"line":71,"column":54},"end":{"line":71,"column":56}}],"line":71},"16":{"loc":{"start":{"line":72,"column":13},"end":{"line":72,"column":41}},"type":"binary-expr","locations":[{"start":{"line":72,"column":13},"end":{"line":72,"column":22}},{"start":{"line":72,"column":26},"end":{"line":72,"column":35}},{"start":{"line":72,"column":39},"end":{"line":72,"column":41}}],"line":72},"17":{"loc":{"start":{"line":73,"column":11},"end":{"line":73,"column":58}},"type":"binary-expr","locations":[{"start":{"line":73,"column":11},"end":{"line":73,"column":50}},{"start":{"line":73,"column":54},"end":{"line":73,"column":58}}],"line":73},"18":{"loc":{"start":{"line":73,"column":21},"end":{"line":73,"column":49}},"type":"binary-expr","locations":[{"start":{"line":73,"column":21},"end":{"line":73,"column":33}},{"start":{"line":73,"column":37},"end":{"line":73,"column":49}}],"line":73},"19":{"loc":{"start":{"line":74,"column":12},"end":{"line":74,"column":99}},"type":"cond-expr","locations":[{"start":{"line":74,"column":42},"end":{"line":74,"column":92}},{"start":{"line":74,"column":95},"end":{"line":74,"column":99}}],"line":74},"20":{"loc":{"start":{"line":74,"column":12},"end":{"line":74,"column":39}},"type":"binary-expr","locations":[{"start":{"line":74,"column":12},"end":{"line":74,"column":27}},{"start":{"line":74,"column":31},"end":{"line":74,"column":39}}],"line":74},"21":{"loc":{"start":{"line":74,"column":53},"end":{"line":74,"column":80}},"type":"binary-expr","locations":[{"start":{"line":74,"column":53},"end":{"line":74,"column":68}},{"start":{"line":74,"column":72},"end":{"line":74,"column":80}}],"line":74},"22":{"loc":{"start":{"line":75,"column":17},"end":{"line":75,"column":52}},"type":"binary-expr","locations":[{"start":{"line":75,"column":17},"end":{"line":75,"column":30}},{"start":{"line":75,"column":34},"end":{"line":75,"column":47}},{"start":{"line":75,"column":51},"end":{"line":75,"column":52}}],"line":75},"23":{"loc":{"start":{"line":77,"column":17},"end":{"line":77,"column":53}},"type":"binary-expr","locations":[{"start":{"line":77,"column":17},"end":{"line":77,"column":30}},{"start":{"line":77,"column":34},"end":{"line":77,"column":47}},{"start":{"line":77,"column":51},"end":{"line":77,"column":53}}],"line":77},"24":{"loc":{"start":{"line":78,"column":47},"end":{"line":78,"column":85}},"type":"binary-expr","locations":[{"start":{"line":78,"column":47},"end":{"line":78,"column":56}},{"start":{"line":78,"column":60},"end":{"line":78,"column":69}},{"start":{"line":78,"column":73},"end":{"line":78,"column":77}},{"start":{"line":78,"column":81},"end":{"line":78,"column":85}}],"line":78},"25":{"loc":{"start":{"line":86,"column":52},"end":{"line":86,"column":58}},"type":"binary-expr","locations":[{"start":{"line":86,"column":52},"end":{"line":86,"column":53}},{"start":{"line":86,"column":57},"end":{"line":86,"column":58}}],"line":86}},"s":{"0":1,"1":1,"2":1,"3":1,"4":1,"5":0,"6":0,"7":0,"8":0,"9":0,"10":0,"11":0,"12":0,"13":0,"14":0,"15":0,"16":0,"17":0,"18":0,"19":0,"20":0,"21":0,"22":0,"23":0,"24":0,"25":0,"26":0,"27":0,"28":0,"29":0,"30":6,"31":6,"32":5,"33":1,"34":0,"35":1,"36":0,"37":6,"38":4,"39":4,"40":4,"41":1},"f":{"0":0,"1":0,"2":0,"3":0,"4":0,"5":0,"6":0,"7":6,"8":4},"b":{"0":[0,0],"1":[0,0],"2":[0,0,0],"3":[0,0],"4":[0,0],"5":[0,0],"6":[0,0],"7":[0,0],"8":[5,1],"9":[0,1],"10":[0,1],"11":[6,0,0],"12":[6,1,1],"13":[5,1],"14":[1,0,0],"15":[6,0,0],"16":[6,0,0],"17":[6,1],"18":[6,1],"19":[5,1],"20":[6,1],"21":[5,0],"22":[6,0,0],"23":[6,0,0],"24":[6,0,0,0],"25":[4,2]},"_coverageSchema":"1a1c01bbd47fc00a2c39e90264f33305004495a9","hash":"afeddc407ad4f4488c142df0d20f7dd46a00dd1d"}
,"/Users/rajmahey/Documents/reservation-finder/apps/api/src/scrapers/resy.js": {"path":"/Users/rajmahey/Documents/reservation-finder/apps/api/src/scrapers/resy.js","statementMap":{"0":{"start":{"line":1,"column":25},"end":{"line":1,"column":55}},"1":{"start":{"line":2,"column":28},"end":{"line":2,"column":53}},"2":{"start":{"line":5,"column":21},"end":{"line":5,"column":83}},"3":{"start":{"line":7,"column":15},"end":{"line":14,"column":2}},"4":{"start":{"line":16,"column":18},"end":{"line":16,"column":58}},"5":{"start":{"line":19,"column":19},"end":{"line":44,"column":1}},"6":{"start":{"line":47,"column":14},"end":{"line":47,"column":43}},"7":{"start":{"line":48,"column":2},"end":{"line":48,"column":46}},"8":{"start":{"line":48,"column":23},"end":{"line":48,"column":46}},"9":{"start":{"line":49,"column":2},"end":{"line":51,"column":3}},"10":{"start":{"line":50,"column":4},"end":{"line":50,"column":62}},"11":{"start":{"line":50,"column":50},"end":{"line":50,"column":62}},"12":{"start":{"line":52,"column":2},"end":{"line":52,"column":14}},"13":{"start":{"line":56,"column":2},"end":{"line":56,"column":32}},"14":{"start":{"line":56,"column":22},"end":{"line":56,"column":32}},"15":{"start":{"line":58,"column":14},"end":{"line":58,"column":53}},"16":{"start":{"line":59,"column":2},"end":{"line":59,"column":44}},"17":{"start":{"line":59,"column":22},"end":{"line":59,"column":44}},"18":{"start":{"line":61,"column":14},"end":{"line":70,"column":4}},"19":{"start":{"line":72,"column":17},"end":{"line":72,"column":48}},"20":{"start":{"line":73,"column":19},"end":{"line":73,"column":53}},"21":{"start":{"line":74,"column":21},"end":{"line":74,"column":84}},"22":{"start":{"line":74,"column":39},"end":{"line":74,"column":83}},"23":{"start":{"line":75,"column":2},"end":{"line":75,"column":29}},"24":{"start":{"line":76,"column":2},"end":{"line":76,"column":20}},"25":{"start":{"line":80,"column":16},"end":{"line":80,"column":28}},"26":{"start":{"line":81,"column":14},"end":{"line":81,"column":35}},"27":{"start":{"line":82,"column":26},"end":{"line":82,"column":81}},"28":{"start":{"line":83,"column":15},"end":{"line":83,"column":29}},"29":{"start":{"line":85,"column":16},"end":{"line":98,"column":26}},"30":{"start":{"line":86,"column":16},"end":{"line":86,"column":29}},"31":{"start":{"line":87,"column":20},"end":{"line":89,"column":10}},"32":{"start":{"line":90,"column":4},"end":{"line":97,"column":6}},"33":{"start":{"line":98,"column":19},"end":{"line":98,"column":25}},"34":{"start":{"line":100,"column":17},"end":{"line":100,"column":54}},"35":{"start":{"line":102,"column":21},"end":{"line":106,"column":24}},"36":{"start":{"line":108,"column":2},"end":{"line":124,"column":4}},"37":{"start":{"line":127,"column":0},"end":{"line":127,"column":68}}},"fnMap":{"0":{"name":"getCityCode","decl":{"start":{"line":46,"column":9},"end":{"line":46,"column":20}},"loc":{"start":{"line":46,"column":36},"end":{"line":53,"column":1}},"line":46},"1":{"name":"searchRestaurants","decl":{"start":{"line":55,"column":15},"end":{"line":55,"column":32}},"loc":{"start":{"line":55,"column":70},"end":{"line":77,"column":1}},"line":55},"2":{"name":"(anonymous_2)","decl":{"start":{"line":74,"column":32},"end":{"line":74,"column":33}},"loc":{"start":{"line":74,"column":39},"end":{"line":74,"column":83}},"line":74},"3":{"name":"normalizeVenue","decl":{"start":{"line":79,"column":9},"end":{"line":79,"column":23}},"loc":{"start":{"line":79,"column":54},"end":{"line":125,"column":1}},"line":79},"4":{"name":"(anonymous_4)","decl":{"start":{"line":85,"column":36},"end":{"line":85,"column":37}},"loc":{"start":{"line":85,"column":43},"end":{"line":98,"column":3}},"line":85},"5":{"name":"(anonymous_5)","decl":{"start":{"line":98,"column":12},"end":{"line":98,"column":13}},"loc":{"start":{"line":98,"column":19},"end":{"line":98,"column":25}},"line":98}},"branchMap":{"0":{"loc":{"start":{"line":5,"column":21},"end":{"line":5,"column":83}},"type":"binary-expr","locations":[{"start":{"line":5,"column":21},"end":{"line":5,"column":45}},{"start":{"line":5,"column":49},"end":{"line":5,"column":83}}],"line":5},"1":{"loc":{"start":{"line":46,"column":21},"end":{"line":46,"column":34}},"type":"default-arg","locations":[{"start":{"line":46,"column":32},"end":{"line":46,"column":34}}],"line":46},"2":{"loc":{"start":{"line":48,"column":2},"end":{"line":48,"column":46}},"type":"if","locations":[{"start":{"line":48,"column":2},"end":{"line":48,"column":46}},{"start":{},"end":{}}],"line":48},"3":{"loc":{"start":{"line":50,"column":4},"end":{"line":50,"column":62}},"type":"if","locations":[{"start":{"line":50,"column":4},"end":{"line":50,"column":62}},{"start":{},"end":{}}],"line":50},"4":{"loc":{"start":{"line":50,"column":8},"end":{"line":50,"column":48}},"type":"binary-expr","locations":[{"start":{"line":50,"column":8},"end":{"line":50,"column":26}},{"start":{"line":50,"column":30},"end":{"line":50,"column":48}}],"line":50},"5":{"loc":{"start":{"line":56,"column":2},"end":{"line":56,"column":32}},"type":"if","locations":[{"start":{"line":56,"column":2},"end":{"line":56,"column":32}},{"start":{},"end":{}}],"line":56},"6":{"loc":{"start":{"line":59,"column":2},"end":{"line":59,"column":44}},"type":"if","locations":[{"start":{"line":59,"column":2},"end":{"line":59,"column":44}},{"start":{},"end":{}}],"line":59},"7":{"loc":{"start":{"line":72,"column":17},"end":{"line":72,"column":48}},"type":"binary-expr","locations":[{"start":{"line":72,"column":17},"end":{"line":72,"column":42}},{"start":{"line":72,"column":46},"end":{"line":72,"column":48}}],"line":72},"8":{"loc":{"start":{"line":73,"column":31},"end":{"line":73,"column":52}},"type":"binary-expr","locations":[{"start":{"line":73,"column":31},"end":{"line":73,"column":44}},{"start":{"line":73,"column":48},"end":{"line":73,"column":52}}],"line":73},"9":{"loc":{"start":{"line":80,"column":16},"end":{"line":80,"column":28}},"type":"binary-expr","locations":[{"start":{"line":80,"column":16},"end":{"line":80,"column":23}},{"start":{"line":80,"column":27},"end":{"line":80,"column":28}}],"line":80},"10":{"loc":{"start":{"line":81,"column":14},"end":{"line":81,"column":35}},"type":"binary-expr","locations":[{"start":{"line":81,"column":14},"end":{"line":81,"column":29}},{"start":{"line":81,"column":33},"end":{"line":81,"column":35}}],"line":81},"11":{"loc":{"start":{"line":82,"column":26},"end":{"line":82,"column":81}},"type":"binary-expr","locations":[{"start":{"line":82,"column":26},"end":{"line":82,"column":34}},{"start":{"line":82,"column":38},"end":{"line":82,"column":81}}],"line":82},"12":{"loc":{"start":{"line":82,"column":50},"end":{"line":82,"column":80}},"type":"binary-expr","locations":[{"start":{"line":82,"column":50},"end":{"line":82,"column":58}},{"start":{"line":82,"column":62},"end":{"line":82,"column":74}},{"start":{"line":82,"column":78},"end":{"line":82,"column":80}}],"line":82},"13":{"loc":{"start":{"line":85,"column":17},"end":{"line":85,"column":30}},"type":"binary-expr","locations":[{"start":{"line":85,"column":17},"end":{"line":85,"column":24}},{"start":{"line":85,"column":28},"end":{"line":85,"column":30}}],"line":85},"14":{"loc":{"start":{"line":87,"column":20},"end":{"line":89,"column":10}},"type":"cond-expr","locations":[{"start":{"line":88,"column":8},"end":{"line":88,"column":104}},{"start":{"line":89,"column":8},"end":{"line":89,"column":10}}],"line":87},"15":{"loc":{"start":{"line":92,"column":11},"end":{"line":96,"column":28}},"type":"cond-expr","locations":[{"start":{"line":93,"column":10},"end":{"line":93,"column":94}},{"start":{"line":94,"column":10},"end":{"line":96,"column":28}}],"line":92},"16":{"loc":{"start":{"line":92,"column":11},"end":{"line":92,"column":34}},"type":"binary-expr","locations":[{"start":{"line":92,"column":11},"end":{"line":92,"column":26}},{"start":{"line":92,"column":30},"end":{"line":92,"column":34}}],"line":92},"17":{"loc":{"start":{"line":94,"column":10},"end":{"line":96,"column":28}},"type":"cond-expr","locations":[{"start":{"line":95,"column":10},"end":{"line":95,"column":36}},{"start":{"line":96,"column":10},"end":{"line":96,"column":28}}],"line":94},"18":{"loc":{"start":{"line":100,"column":18},"end":{"line":100,"column":37}},"type":"binary-expr","locations":[{"start":{"line":100,"column":18},"end":{"line":100,"column":31}},{"start":{"line":100,"column":35},"end":{"line":100,"column":37}}],"line":100},"19":{"loc":{"start":{"line":102,"column":21},"end":{"line":106,"column":24}},"type":"cond-expr","locations":[{"start":{"line":103,"column":6},"end":{"line":103,"column":58}},{"start":{"line":104,"column":6},"end":{"line":106,"column":24}}],"line":102},"20":{"loc":{"start":{"line":102,"column":21},"end":{"line":102,"column":44}},"type":"binary-expr","locations":[{"start":{"line":102,"column":21},"end":{"line":102,"column":36}},{"start":{"line":102,"column":40},"end":{"line":102,"column":44}}],"line":102},"21":{"loc":{"start":{"line":104,"column":6},"end":{"line":106,"column":24}},"type":"cond-expr","locations":[{"start":{"line":105,"column":6},"end":{"line":105,"column":32}},{"start":{"line":106,"column":6},"end":{"line":106,"column":24}}],"line":104},"22":{"loc":{"start":{"line":109,"column":16},"end":{"line":109,"column":78}},"type":"binary-expr","locations":[{"start":{"line":109,"column":16},"end":{"line":109,"column":31}},{"start":{"line":109,"column":35},"end":{"line":109,"column":39}},{"start":{"line":109,"column":43},"end":{"line":109,"column":78}}],"line":109},"23":{"loc":{"start":{"line":110,"column":10},"end":{"line":110,"column":34}},"type":"binary-expr","locations":[{"start":{"line":110,"column":10},"end":{"line":110,"column":21}},{"start":{"line":110,"column":25},"end":{"line":110,"column":34}}],"line":110},"24":{"loc":{"start":{"line":112,"column":13},"end":{"line":112,"column":77}},"type":"binary-expr","locations":[{"start":{"line":112,"column":13},"end":{"line":112,"column":46}},{"start":{"line":112,"column":50},"end":{"line":112,"column":61}},{"start":{"line":112,"column":65},"end":{"line":112,"column":77}}],"line":112},"25":{"loc":{"start":{"line":112,"column":14},"end":{"line":112,"column":34}},"type":"binary-expr","locations":[{"start":{"line":112,"column":14},"end":{"line":112,"column":28}},{"start":{"line":112,"column":32},"end":{"line":112,"column":34}}],"line":112},"26":{"loc":{"start":{"line":113,"column":18},"end":{"line":113,"column":56}},"type":"binary-expr","locations":[{"start":{"line":113,"column":18},"end":{"line":113,"column":34}},{"start":{"line":113,"column":38},"end":{"line":113,"column":50}},{"start":{"line":113,"column":54},"end":{"line":113,"column":56}}],"line":113},"27":{"loc":{"start":{"line":114,"column":13},"end":{"line":114,"column":32}},"type":"binary-expr","locations":[{"start":{"line":114,"column":13},"end":{"line":114,"column":26}},{"start":{"line":114,"column":30},"end":{"line":114,"column":32}}],"line":114},"28":{"loc":{"start":{"line":115,"column":11},"end":{"line":115,"column":51}},"type":"binary-expr","locations":[{"start":{"line":115,"column":11},"end":{"line":115,"column":43}},{"start":{"line":115,"column":47},"end":{"line":115,"column":51}}],"line":115},"29":{"loc":{"start":{"line":116,"column":12},"end":{"line":116,"column":95}},"type":"cond-expr","locations":[{"start":{"line":116,"column":45},"end":{"line":116,"column":88}},{"start":{"line":116,"column":91},"end":{"line":116,"column":95}}],"line":116},"30":{"loc":{"start":{"line":117,"column":17},"end":{"line":117,"column":42}},"type":"binary-expr","locations":[{"start":{"line":117,"column":17},"end":{"line":117,"column":37}},{"start":{"line":117,"column":41},"end":{"line":117,"column":42}}],"line":117},"31":{"loc":{"start":{"line":119,"column":17},"end":{"line":119,"column":59}},"type":"binary-expr","locations":[{"start":{"line":119,"column":17},"end":{"line":119,"column":53}},{"start":{"line":119,"column":57},"end":{"line":119,"column":59}}],"line":119},"32":{"loc":{"start":{"line":122,"column":9},"end":{"line":122,"column":39}},"type":"binary-expr","locations":[{"start":{"line":122,"column":9},"end":{"line":122,"column":31}},{"start":{"line":122,"column":35},"end":{"line":122,"column":39}}],"line":122},"33":{"loc":{"start":{"line":123,"column":9},"end":{"line":123,"column":40}},"type":"binary-expr","locations":[{"start":{"line":123,"column":9},"end":{"line":123,"column":32}},{"start":{"line":123,"column":36},"end":{"line":123,"column":40}}],"line":123}},"s":{"0":1,"1":1,"2":1,"3":1,"4":1,"5":1,"6":5,"7":5,"8":0,"9":5,"10":5,"11":5,"12":0,"13":0,"14":0,"15":0,"16":0,"17":0,"18":0,"19":0,"20":0,"21":0,"22":0,"23":0,"24":0,"25":5,"26":5,"27":5,"28":5,"29":5,"30":10,"31":10,"32":10,"33":10,"34":5,"35":5,"36":5,"37":1},"f":{"0":5,"1":0,"2":0,"3":5,"4":10,"5":10},"b":{"0":[1,1],"1":[0],"2":[0,5],"3":[5,0],"4":[5,5],"5":[0,0],"6":[0,0],"7":[0,0],"8":[0,0],"9":[5,0],"10":[5,0],"11":[5,5],"12":[5,5,5],"13":[5,0],"14":[10,0],"15":[8,2],"16":[10,10],"17":[0,2],"18":[5,0],"19":[4,1],"20":[5,5],"21":[0,1],"22":[5,0,0],"23":[5,0],"24":[5,1,0],"25":[5,1],"26":[5,0,0],"27":[5,0],"28":[5,0],"29":[4,1],"30":[5,1],"31":[5,0],"32":[5,5],"33":[5,5]},"_coverageSchema":"1a1c01bbd47fc00a2c39e90264f33305004495a9","hash":"ff361773fada2676df5cfb9d13c31121e42d5b44"}
,"/Users/rajmahey/Documents/reservation-finder/apps/api/src/scrapers/sevenrooms.js": {"path":"/Users/rajmahey/Documents/reservation-finder/apps/api/src/scrapers/sevenrooms.js","statementMap":{"0":{"start":{"line":3,"column":25},"end":{"line":3,"column":55}},"1":{"start":{"line":4,"column":28},"end":{"line":4,"column":53}},"2":{"start":{"line":6,"column":15},"end":{"line":9,"column":2}},"3":{"start":{"line":12,"column":2},"end":{"line":12,"column":32}},"4":{"start":{"line":12,"column":22},"end":{"line":12,"column":32}},"5":{"start":{"line":14,"column":14},"end":{"line":14,"column":59}},"6":{"start":{"line":15,"column":2},"end":{"line":15,"column":44}},"7":{"start":{"line":15,"column":22},"end":{"line":15,"column":44}},"8":{"start":{"line":17,"column":17},"end":{"line":22,"column":3}},"9":{"start":{"line":24,"column":14},"end":{"line":24,"column":68}},"10":{"start":{"line":25,"column":17},"end":{"line":25,"column":60}},"11":{"start":{"line":27,"column":21},"end":{"line":27,"column":90}},"12":{"start":{"line":27,"column":39},"end":{"line":27,"column":73}},"13":{"start":{"line":28,"column":2},"end":{"line":28,"column":29}},"14":{"start":{"line":29,"column":2},"end":{"line":29,"column":20}},"15":{"start":{"line":33,"column":2},"end":{"line":33,"column":28}},"16":{"start":{"line":33,"column":16},"end":{"line":33,"column":28}},"17":{"start":{"line":35,"column":17},"end":{"line":35,"column":19}},"18":{"start":{"line":36,"column":2},"end":{"line":36,"column":66}},"19":{"start":{"line":36,"column":30},"end":{"line":36,"column":66}},"20":{"start":{"line":37,"column":2},"end":{"line":37,"column":42}},"21":{"start":{"line":37,"column":18},"end":{"line":37,"column":42}},"22":{"start":{"line":39,"column":16},"end":{"line":44,"column":27}},"23":{"start":{"line":39,"column":51},"end":{"line":44,"column":3}},"24":{"start":{"line":44,"column":20},"end":{"line":44,"column":26}},"25":{"start":{"line":46,"column":2},"end":{"line":62,"column":4}},"26":{"start":{"line":66,"column":2},"end":{"line":66,"column":26}},"27":{"start":{"line":66,"column":14},"end":{"line":66,"column":26}},"28":{"start":{"line":67,"column":2},"end":{"line":67,"column":34}},"29":{"start":{"line":67,"column":23},"end":{"line":67,"column":34}},"30":{"start":{"line":68,"column":2},"end":{"line":68,"column":38}},"31":{"start":{"line":68,"column":26},"end":{"line":68,"column":38}},"32":{"start":{"line":69,"column":2},"end":{"line":69,"column":37}},"33":{"start":{"line":69,"column":24},"end":{"line":69,"column":37}},"34":{"start":{"line":70,"column":2},"end":{"line":70,"column":43}},"35":{"start":{"line":70,"column":29},"end":{"line":70,"column":43}},"36":{"start":{"line":71,"column":12},"end":{"line":71,"column":27}},"37":{"start":{"line":72,"column":2},"end":{"line":72,"column":28}},"38":{"start":{"line":72,"column":16},"end":{"line":72,"column":28}},"39":{"start":{"line":73,"column":2},"end":{"line":73,"column":25}},"40":{"start":{"line":73,"column":14},"end":{"line":73,"column":25}},"41":{"start":{"line":74,"column":2},"end":{"line":74,"column":26}},"42":{"start":{"line":74,"column":14},"end":{"line":74,"column":26}},"43":{"start":{"line":75,"column":2},"end":{"line":75,"column":27}},"44":{"start":{"line":75,"column":14},"end":{"line":75,"column":27}},"45":{"start":{"line":76,"column":2},"end":{"line":76,"column":16}},"46":{"start":{"line":79,"column":0},"end":{"line":79,"column":73}}},"fnMap":{"0":{"name":"searchRestaurants","decl":{"start":{"line":11,"column":15},"end":{"line":11,"column":32}},"loc":{"start":{"line":11,"column":70},"end":{"line":30,"column":1}},"line":11},"1":{"name":"(anonymous_1)","decl":{"start":{"line":27,"column":32},"end":{"line":27,"column":33}},"loc":{"start":{"line":27,"column":39},"end":{"line":27,"column":73}},"line":27},"2":{"name":"normalizeVenue","decl":{"start":{"line":32,"column":9},"end":{"line":32,"column":23}},"loc":{"start":{"line":32,"column":44},"end":{"line":63,"column":1}},"line":32},"3":{"name":"(anonymous_3)","decl":{"start":{"line":39,"column":43},"end":{"line":39,"column":44}},"loc":{"start":{"line":39,"column":51},"end":{"line":44,"column":3}},"line":39},"4":{"name":"(anonymous_4)","decl":{"start":{"line":44,"column":13},"end":{"line":44,"column":14}},"loc":{"start":{"line":44,"column":20},"end":{"line":44,"column":26}},"line":44},"5":{"name":"derivePriceRange","decl":{"start":{"line":65,"column":9},"end":{"line":65,"column":25}},"loc":{"start":{"line":65,"column":33},"end":{"line":77,"column":1}},"line":65}},"branchMap":{"0":{"loc":{"start":{"line":12,"column":2},"end":{"line":12,"column":32}},"type":"if","locations":[{"start":{"line":12,"column":2},"end":{"line":12,"column":32}},{"start":{},"end":{}}],"line":12},"1":{"loc":{"start":{"line":15,"column":2},"end":{"line":15,"column":44}},"type":"if","locations":[{"start":{"line":15,"column":2},"end":{"line":15,"column":44}},{"start":{},"end":{}}],"line":15},"2":{"loc":{"start":{"line":18,"column":10},"end":{"line":18,"column":31}},"type":"binary-expr","locations":[{"start":{"line":18,"column":10},"end":{"line":18,"column":23}},{"start":{"line":18,"column":27},"end":{"line":18,"column":31}}],"line":18},"3":{"loc":{"start":{"line":25,"column":17},"end":{"line":25,"column":60}},"type":"binary-expr","locations":[{"start":{"line":25,"column":17},"end":{"line":25,"column":33}},{"start":{"line":25,"column":37},"end":{"line":25,"column":54}},{"start":{"line":25,"column":58},"end":{"line":25,"column":60}}],"line":25},"4":{"loc":{"start":{"line":33,"column":2},"end":{"line":33,"column":28}},"type":"if","locations":[{"start":{"line":33,"column":2},"end":{"line":33,"column":28}},{"start":{},"end":{}}],"line":33},"5":{"loc":{"start":{"line":36,"column":2},"end":{"line":36,"column":66}},"type":"if","locations":[{"start":{"line":36,"column":2},"end":{"line":36,"column":66}},{"start":{},"end":{}}],"line":36},"6":{"loc":{"start":{"line":37,"column":2},"end":{"line":37,"column":42}},"type":"if","locations":[{"start":{"line":37,"column":2},"end":{"line":37,"column":42}},{"start":{},"end":{}}],"line":37},"7":{"loc":{"start":{"line":39,"column":17},"end":{"line":39,"column":37}},"type":"binary-expr","locations":[{"start":{"line":39,"column":17},"end":{"line":39,"column":31}},{"start":{"line":39,"column":35},"end":{"line":39,"column":37}}],"line":39},"8":{"loc":{"start":{"line":40,"column":10},"end":{"line":40,"column":37}},"type":"binary-expr","locations":[{"start":{"line":40,"column":10},"end":{"line":40,"column":21}},{"start":{"line":40,"column":25},"end":{"line":40,"column":31}},{"start":{"line":40,"column":35},"end":{"line":40,"column":37}}],"line":40},"9":{"loc":{"start":{"line":41,"column":9},"end":{"line":43,"column":36}},"type":"cond-expr","locations":[{"start":{"line":42,"column":8},"end":{"line":42,"column":100}},{"start":{"line":43,"column":8},"end":{"line":43,"column":36}}],"line":41},"10":{"loc":{"start":{"line":47,"column":22},"end":{"line":47,"column":79}},"type":"binary-expr","locations":[{"start":{"line":47,"column":22},"end":{"line":47,"column":26}},{"start":{"line":47,"column":30},"end":{"line":47,"column":40}},{"start":{"line":47,"column":44},"end":{"line":47,"column":79}}],"line":47},"11":{"loc":{"start":{"line":50,"column":13},"end":{"line":50,"column":79}},"type":"binary-expr","locations":[{"start":{"line":50,"column":13},"end":{"line":50,"column":37}},{"start":{"line":50,"column":41},"end":{"line":50,"column":63}},{"start":{"line":50,"column":67},"end":{"line":50,"column":79}}],"line":50},"12":{"loc":{"start":{"line":51,"column":18},"end":{"line":51,"column":64}},"type":"binary-expr","locations":[{"start":{"line":51,"column":18},"end":{"line":51,"column":32}},{"start":{"line":51,"column":36},"end":{"line":51,"column":58}},{"start":{"line":51,"column":62},"end":{"line":51,"column":64}}],"line":51},"13":{"loc":{"start":{"line":52,"column":13},"end":{"line":52,"column":28}},"type":"binary-expr","locations":[{"start":{"line":52,"column":13},"end":{"line":52,"column":22}},{"start":{"line":52,"column":26},"end":{"line":52,"column":28}}],"line":52},"14":{"loc":{"start":{"line":54,"column":12},"end":{"line":54,"column":77}},"type":"cond-expr","locations":[{"start":{"line":54,"column":31},"end":{"line":54,"column":70}},{"start":{"line":54,"column":73},"end":{"line":54,"column":77}}],"line":54},"15":{"loc":{"start":{"line":55,"column":17},"end":{"line":55,"column":36}},"type":"binary-expr","locations":[{"start":{"line":55,"column":17},"end":{"line":55,"column":31}},{"start":{"line":55,"column":35},"end":{"line":55,"column":36}}],"line":55},"16":{"loc":{"start":{"line":57,"column":17},"end":{"line":57,"column":49}},"type":"binary-expr","locations":[{"start":{"line":57,"column":17},"end":{"line":57,"column":30}},{"start":{"line":57,"column":34},"end":{"line":57,"column":43}},{"start":{"line":57,"column":47},"end":{"line":57,"column":49}}],"line":57},"17":{"loc":{"start":{"line":58,"column":16},"end":{"line":60,"column":36}},"type":"cond-expr","locations":[{"start":{"line":59,"column":8},"end":{"line":59,"column":63}},{"start":{"line":60,"column":8},"end":{"line":60,"column":36}}],"line":58},"18":{"loc":{"start":{"line":66,"column":2},"end":{"line":66,"column":26}},"type":"if","locations":[{"start":{"line":66,"column":2},"end":{"line":66,"column":26}},{"start":{},"end":{}}],"line":66},"19":{"loc":{"start":{"line":67,"column":2},"end":{"line":67,"column":34}},"type":"if","locations":[{"start":{"line":67,"column":2},"end":{"line":67,"column":34}},{"start":{},"end":{}}],"line":67},"20":{"loc":{"start":{"line":68,"column":2},"end":{"line":68,"column":38}},"type":"if","locations":[{"start":{"line":68,"column":2},"end":{"line":68,"column":38}},{"start":{},"end":{}}],"line":68},"21":{"loc":{"start":{"line":69,"column":2},"end":{"line":69,"column":37}},"type":"if","locations":[{"start":{"line":69,"column":2},"end":{"line":69,"column":37}},{"start":{},"end":{}}],"line":69},"22":{"loc":{"start":{"line":70,"column":2},"end":{"line":70,"column":43}},"type":"if","locations":[{"start":{"line":70,"column":2},"end":{"line":70,"column":43}},{"start":{},"end":{}}],"line":70},"23":{"loc":{"start":{"line":72,"column":2},"end":{"line":72,"column":28}},"type":"if","locations":[{"start":{"line":72,"column":2},"end":{"line":72,"column":28}},{"start":{},"end":{}}],"line":72},"24":{"loc":{"start":{"line":73,"column":2},"end":{"line":73,"column":25}},"type":"if","locations":[{"start":{"line":73,"column":2},"end":{"line":73,"column":25}},{"start":{},"end":{}}],"line":73},"25":{"loc":{"start":{"line":74,"column":2},"end":{"line":74,"column":26}},"type":"if","locations":[{"start":{"line":74,"column":2},"end":{"line":74,"column":26}},{"start":{},"end":{}}],"line":74},"26":{"loc":{"start":{"line":75,"column":2},"end":{"line":75,"column":27}},"type":"if","locations":[{"start":{"line":75,"column":2},"end":{"line":75,"column":27}},{"start":{},"end":{}}],"line":75}},"s":{"0":1,"1":1,"2":1,"3":0,"4":0,"5":0,"6":0,"7":0,"8":0,"9":0,"10":0,"11":0,"12":0,"13":0,"14":0,"15":4,"16":1,"17":3,"18":3,"19":3,"20":3,"21":0,"22":3,"23":6,"24":6,"25":3,"26":13,"27":1,"28":12,"29":1,"30":11,"31":1,"32":10,"33":4,"34":6,"35":1,"36":5,"37":5,"38":1,"39":4,"40":1,"41":3,"42":1,"43":2,"44":1,"45":1,"46":1},"f":{"0":0,"1":0,"2":4,"3":6,"4":6,"5":13},"b":{"0":[0,0],"1":[0,0],"2":[0,0],"3":[0,0,0],"4":[1,3],"5":[3,0],"6":[0,3],"7":[3,0],"8":[6,0,0],"9":[4,2],"10":[3,0,0],"11":[3,0,0],"12":[3,0,0],"13":[3,0],"14":[3,0],"15":[3,0],"16":[3,0,0],"17":[2,1],"18":[1,12],"19":[1,11],"20":[1,10],"21":[4,6],"22":[1,5],"23":[1,4],"24":[1,3],"25":[1,2],"26":[1,1]},"_coverageSchema":"1a1c01bbd47fc00a2c39e90264f33305004495a9","hash":"2227fff1ad533828a41179fbc61893d07356c155"}
,"/Users/rajmahey/Documents/reservation-finder/apps/api/src/scrapers/thefork.js": {"path":"/Users/rajmahey/Documents/reservation-finder/apps/api/src/scrapers/thefork.js","statementMap":{"0":{"start":{"line":3,"column":25},"end":{"line":3,"column":55}},"1":{"start":{"line":4,"column":28},"end":{"line":4,"column":53}},"2":{"start":{"line":6,"column":15},"end":{"line":9,"column":2}},"3":{"start":{"line":12,"column":14},"end":{"line":12,"column":56}},"4":{"start":{"line":13,"column":2},"end":{"line":13,"column":44}},"5":{"start":{"line":13,"column":22},"end":{"line":13,"column":44}},"6":{"start":{"line":15,"column":17},"end":{"line":24,"column":3}},"7":{"start":{"line":26,"column":14},"end":{"line":26,"column":62}},"8":{"start":{"line":27,"column":16},"end":{"line":27,"column":80}},"9":{"start":{"line":29,"column":21},"end":{"line":29,"column":94}},"10":{"start":{"line":29,"column":38},"end":{"line":29,"column":77}},"11":{"start":{"line":30,"column":2},"end":{"line":30,"column":29}},"12":{"start":{"line":31,"column":2},"end":{"line":31,"column":20}},"13":{"start":{"line":35,"column":2},"end":{"line":35,"column":28}},"14":{"start":{"line":35,"column":16},"end":{"line":35,"column":28}},"15":{"start":{"line":37,"column":17},"end":{"line":37,"column":19}},"16":{"start":{"line":38,"column":2},"end":{"line":40,"column":58}},"17":{"start":{"line":38,"column":27},"end":{"line":38,"column":59}},"18":{"start":{"line":39,"column":7},"end":{"line":40,"column":58}},"19":{"start":{"line":39,"column":20},"end":{"line":39,"column":41}},"20":{"start":{"line":40,"column":7},"end":{"line":40,"column":58}},"21":{"start":{"line":40,"column":31},"end":{"line":40,"column":58}},"22":{"start":{"line":42,"column":16},"end":{"line":45,"column":27}},"23":{"start":{"line":42,"column":71},"end":{"line":45,"column":3}},"24":{"start":{"line":45,"column":20},"end":{"line":45,"column":26}},"25":{"start":{"line":47,"column":2},"end":{"line":61,"column":4}},"26":{"start":{"line":51,"column":42},"end":{"line":51,"column":49}},"27":{"start":{"line":65,"column":14},"end":{"line":65,"column":106}},"28":{"start":{"line":66,"column":2},"end":{"line":66,"column":33}},"29":{"start":{"line":70,"column":15},"end":{"line":70,"column":34}},"30":{"start":{"line":71,"column":2},"end":{"line":71,"column":100}},"31":{"start":{"line":71,"column":12},"end":{"line":71,"column":100}},"32":{"start":{"line":72,"column":2},"end":{"line":72,"column":35}},"33":{"start":{"line":75,"column":0},"end":{"line":75,"column":70}}},"fnMap":{"0":{"name":"searchRestaurants","decl":{"start":{"line":11,"column":15},"end":{"line":11,"column":32}},"loc":{"start":{"line":11,"column":70},"end":{"line":32,"column":1}},"line":11},"1":{"name":"(anonymous_1)","decl":{"start":{"line":29,"column":31},"end":{"line":29,"column":32}},"loc":{"start":{"line":29,"column":38},"end":{"line":29,"column":77}},"line":29},"2":{"name":"normalizeRestaurant","decl":{"start":{"line":34,"column":9},"end":{"line":34,"column":28}},"loc":{"start":{"line":34,"column":49},"end":{"line":62,"column":1}},"line":34},"3":{"name":"(anonymous_3)","decl":{"start":{"line":42,"column":63},"end":{"line":42,"column":64}},"loc":{"start":{"line":42,"column":71},"end":{"line":45,"column":3}},"line":42},"4":{"name":"(anonymous_4)","decl":{"start":{"line":45,"column":13},"end":{"line":45,"column":14}},"loc":{"start":{"line":45,"column":20},"end":{"line":45,"column":26}},"line":45},"5":{"name":"(anonymous_5)","decl":{"start":{"line":51,"column":35},"end":{"line":51,"column":36}},"loc":{"start":{"line":51,"column":42},"end":{"line":51,"column":49}},"line":51},"6":{"name":"mapPrice","decl":{"start":{"line":64,"column":9},"end":{"line":64,"column":17}},"loc":{"start":{"line":64,"column":30},"end":{"line":67,"column":1}},"line":64},"7":{"name":"buildTheForkUrl","decl":{"start":{"line":69,"column":9},"end":{"line":69,"column":24}},"loc":{"start":{"line":69,"column":45},"end":{"line":73,"column":1}},"line":69}},"branchMap":{"0":{"loc":{"start":{"line":13,"column":2},"end":{"line":13,"column":44}},"type":"if","locations":[{"start":{"line":13,"column":2},"end":{"line":13,"column":44}},{"start":{},"end":{}}],"line":13},"1":{"loc":{"start":{"line":16,"column":14},"end":{"line":16,"column":36}},"type":"binary-expr","locations":[{"start":{"line":16,"column":14},"end":{"line":16,"column":28}},{"start":{"line":16,"column":32},"end":{"line":16,"column":36}}],"line":16},"2":{"loc":{"start":{"line":27,"column":16},"end":{"line":27,"column":80}},"type":"binary-expr","locations":[{"start":{"line":27,"column":16},"end":{"line":27,"column":30}},{"start":{"line":27,"column":34},"end":{"line":27,"column":55}},{"start":{"line":27,"column":59},"end":{"line":27,"column":74}},{"start":{"line":27,"column":78},"end":{"line":27,"column":80}}],"line":27},"3":{"loc":{"start":{"line":35,"column":2},"end":{"line":35,"column":28}},"type":"if","locations":[{"start":{"line":35,"column":2},"end":{"line":35,"column":28}},{"start":{},"end":{}}],"line":35},"4":{"loc":{"start":{"line":38,"column":2},"end":{"line":40,"column":58}},"type":"if","locations":[{"start":{"line":38,"column":2},"end":{"line":40,"column":58}},{"start":{"line":39,"column":7},"end":{"line":40,"column":58}}],"line":38},"5":{"loc":{"start":{"line":39,"column":7},"end":{"line":40,"column":58}},"type":"if","locations":[{"start":{"line":39,"column":7},"end":{"line":40,"column":58}},{"start":{"line":40,"column":7},"end":{"line":40,"column":58}}],"line":39},"6":{"loc":{"start":{"line":40,"column":7},"end":{"line":40,"column":58}},"type":"if","locations":[{"start":{"line":40,"column":7},"end":{"line":40,"column":58}},{"start":{},"end":{}}],"line":40},"7":{"loc":{"start":{"line":42,"column":17},"end":{"line":42,"column":57}},"type":"binary-expr","locations":[{"start":{"line":42,"column":17},"end":{"line":42,"column":33}},{"start":{"line":42,"column":37},"end":{"line":42,"column":51}},{"start":{"line":42,"column":55},"end":{"line":42,"column":57}}],"line":42},"8":{"loc":{"start":{"line":43,"column":10},"end":{"line":43,"column":32}},"type":"binary-expr","locations":[{"start":{"line":43,"column":10},"end":{"line":43,"column":16}},{"start":{"line":43,"column":20},"end":{"line":43,"column":26}},{"start":{"line":43,"column":30},"end":{"line":43,"column":32}}],"line":43},"9":{"loc":{"start":{"line":44,"column":9},"end":{"line":44,"column":72}},"type":"binary-expr","locations":[{"start":{"line":44,"column":9},"end":{"line":44,"column":14}},{"start":{"line":44,"column":18},"end":{"line":44,"column":33}},{"start":{"line":44,"column":37},"end":{"line":44,"column":72}}],"line":44},"10":{"loc":{"start":{"line":48,"column":19},"end":{"line":48,"column":72}},"type":"binary-expr","locations":[{"start":{"line":48,"column":19},"end":{"line":48,"column":25}},{"start":{"line":48,"column":29},"end":{"line":48,"column":33}},{"start":{"line":48,"column":37},"end":{"line":48,"column":72}}],"line":48},"11":{"loc":{"start":{"line":51,"column":13},"end":{"line":51,"column":94}},"type":"binary-expr","locations":[{"start":{"line":51,"column":13},"end":{"line":51,"column":61}},{"start":{"line":51,"column":65},"end":{"line":51,"column":78}},{"start":{"line":51,"column":82},"end":{"line":51,"column":94}}],"line":51},"12":{"loc":{"start":{"line":52,"column":18},"end":{"line":52,"column":56}},"type":"binary-expr","locations":[{"start":{"line":52,"column":18},"end":{"line":52,"column":36}},{"start":{"line":52,"column":40},"end":{"line":52,"column":50}},{"start":{"line":52,"column":54},"end":{"line":52,"column":56}}],"line":52},"13":{"loc":{"start":{"line":53,"column":13},"end":{"line":53,"column":49}},"type":"binary-expr","locations":[{"start":{"line":53,"column":13},"end":{"line":53,"column":30}},{"start":{"line":53,"column":34},"end":{"line":53,"column":43}},{"start":{"line":53,"column":47},"end":{"line":53,"column":49}}],"line":53},"14":{"loc":{"start":{"line":55,"column":12},"end":{"line":55,"column":67}},"type":"cond-expr","locations":[{"start":{"line":55,"column":26},"end":{"line":55,"column":60}},{"start":{"line":55,"column":63},"end":{"line":55,"column":67}}],"line":55},"15":{"loc":{"start":{"line":56,"column":17},"end":{"line":56,"column":53}},"type":"binary-expr","locations":[{"start":{"line":56,"column":17},"end":{"line":56,"column":30}},{"start":{"line":56,"column":34},"end":{"line":56,"column":48}},{"start":{"line":56,"column":52},"end":{"line":56,"column":53}}],"line":56},"16":{"loc":{"start":{"line":58,"column":17},"end":{"line":58,"column":49}},"type":"binary-expr","locations":[{"start":{"line":58,"column":17},"end":{"line":58,"column":30}},{"start":{"line":58,"column":34},"end":{"line":58,"column":43}},{"start":{"line":58,"column":47},"end":{"line":58,"column":49}}],"line":58},"17":{"loc":{"start":{"line":59,"column":16},"end":{"line":59,"column":60}},"type":"binary-expr","locations":[{"start":{"line":59,"column":16},"end":{"line":59,"column":21}},{"start":{"line":59,"column":25},"end":{"line":59,"column":60}}],"line":59},"18":{"loc":{"start":{"line":66,"column":9},"end":{"line":66,"column":32}},"type":"binary-expr","locations":[{"start":{"line":66,"column":9},"end":{"line":66,"column":24}},{"start":{"line":66,"column":28},"end":{"line":66,"column":32}}],"line":66},"19":{"loc":{"start":{"line":70,"column":15},"end":{"line":70,"column":34}},"type":"binary-expr","locations":[{"start":{"line":70,"column":15},"end":{"line":70,"column":21}},{"start":{"line":70,"column":25},"end":{"line":70,"column":34}}],"line":70},"20":{"loc":{"start":{"line":71,"column":2},"end":{"line":71,"column":100}},"type":"if","locations":[{"start":{"line":71,"column":2},"end":{"line":71,"column":100}},{"start":{},"end":{}}],"line":71}},"s":{"0":1,"1":1,"2":1,"3":0,"4":0,"5":0,"6":0,"7":0,"8":0,"9":0,"10":0,"11":0,"12":0,"13":4,"14":1,"15":3,"16":3,"17":2,"18":1,"19":0,"20":1,"21":1,"22":3,"23":6,"24":6,"25":3,"26":6,"27":13,"28":13,"29":9,"30":9,"31":9,"32":0,"33":1},"f":{"0":0,"1":0,"2":4,"3":6,"4":6,"5":6,"6":13,"7":9},"b":{"0":[0,0],"1":[0,0],"2":[0,0,0,0],"3":[1,3],"4":[2,1],"5":[0,1],"6":[1,0],"7":[3,0,0],"8":[6,0,0],"9":[6,6,6],"10":[3,0,0],"11":[3,0,0],"12":[3,0,0],"13":[3,0,0],"14":[3,0],"15":[3,0,0],"16":[3,0,0],"17":[3,3],"18":[13,2],"19":[9,0],"20":[9,0]},"_coverageSchema":"1a1c01bbd47fc00a2c39e90264f33305004495a9","hash":"f7c367c6c4d92a349a7e6f4138e05ca849488fc2"}
,"/Users/rajmahey/Documents/reservation-finder/apps/api/src/scrapers/tock.js": {"path":"/Users/rajmahey/Documents/reservation-finder/apps/api/src/scrapers/tock.js","statementMap":{"0":{"start":{"line":1,"column":25},"end":{"line":1,"column":55}},"1":{"start":{"line":2,"column":28},"end":{"line":2,"column":53}},"2":{"start":{"line":4,"column":15},"end":{"line":6,"column":2}},"3":{"start":{"line":9,"column":14},"end":{"line":9,"column":53}},"4":{"start":{"line":10,"column":2},"end":{"line":10,"column":44}},"5":{"start":{"line":10,"column":22},"end":{"line":10,"column":44}},"6":{"start":{"line":12,"column":14},"end":{"line":14,"column":4}},"7":{"start":{"line":16,"column":16},"end":{"line":16,"column":64}},"8":{"start":{"line":17,"column":21},"end":{"line":17,"column":67}},"9":{"start":{"line":18,"column":2},"end":{"line":18,"column":29}},"10":{"start":{"line":19,"column":2},"end":{"line":19,"column":20}},"11":{"start":{"line":23,"column":14},"end":{"line":23,"column":24}},"12":{"start":{"line":24,"column":2},"end":{"line":24,"column":30}},"13":{"start":{"line":24,"column":18},"end":{"line":24,"column":30}},"14":{"start":{"line":26,"column":16},"end":{"line":29,"column":27}},"15":{"start":{"line":26,"column":64},"end":{"line":29,"column":3}},"16":{"start":{"line":29,"column":20},"end":{"line":29,"column":26}},"17":{"start":{"line":31,"column":17},"end":{"line":31,"column":19}},"18":{"start":{"line":32,"column":2},"end":{"line":32,"column":69}},"19":{"start":{"line":32,"column":32},"end":{"line":32,"column":69}},"20":{"start":{"line":33,"column":2},"end":{"line":33,"column":91}},"21":{"start":{"line":33,"column":28},"end":{"line":33,"column":91}},"22":{"start":{"line":33,"column":67},"end":{"line":33,"column":72}},"23":{"start":{"line":35,"column":2},"end":{"line":49,"column":4}},"24":{"start":{"line":39,"column":39},"end":{"line":39,"column":45}},"25":{"start":{"line":53,"column":2},"end":{"line":53,"column":33}},"26":{"start":{"line":53,"column":21},"end":{"line":53,"column":33}},"27":{"start":{"line":54,"column":2},"end":{"line":54,"column":29}},"28":{"start":{"line":54,"column":18},"end":{"line":54,"column":29}},"29":{"start":{"line":55,"column":2},"end":{"line":55,"column":30}},"30":{"start":{"line":55,"column":18},"end":{"line":55,"column":30}},"31":{"start":{"line":56,"column":2},"end":{"line":56,"column":32}},"32":{"start":{"line":56,"column":19},"end":{"line":56,"column":32}},"33":{"start":{"line":57,"column":2},"end":{"line":57,"column":16}},"34":{"start":{"line":60,"column":0},"end":{"line":60,"column":78}}},"fnMap":{"0":{"name":"searchRestaurants","decl":{"start":{"line":8,"column":15},"end":{"line":8,"column":32}},"loc":{"start":{"line":8,"column":70},"end":{"line":20,"column":1}},"line":8},"1":{"name":"normalizeExperience","decl":{"start":{"line":22,"column":9},"end":{"line":22,"column":28}},"loc":{"start":{"line":22,"column":32},"end":{"line":50,"column":1}},"line":22},"2":{"name":"(anonymous_2)","decl":{"start":{"line":26,"column":56},"end":{"line":26,"column":57}},"loc":{"start":{"line":26,"column":64},"end":{"line":29,"column":3}},"line":26},"3":{"name":"(anonymous_3)","decl":{"start":{"line":29,"column":13},"end":{"line":29,"column":14}},"loc":{"start":{"line":29,"column":20},"end":{"line":29,"column":26}},"line":29},"4":{"name":"(anonymous_4)","decl":{"start":{"line":33,"column":60},"end":{"line":33,"column":61}},"loc":{"start":{"line":33,"column":67},"end":{"line":33,"column":72}},"line":33},"5":{"name":"(anonymous_5)","decl":{"start":{"line":39,"column":32},"end":{"line":39,"column":33}},"loc":{"start":{"line":39,"column":39},"end":{"line":39,"column":45}},"line":39},"6":{"name":"derivePriceRange","decl":{"start":{"line":52,"column":9},"end":{"line":52,"column":25}},"loc":{"start":{"line":52,"column":33},"end":{"line":58,"column":1}},"line":52}},"branchMap":{"0":{"loc":{"start":{"line":10,"column":2},"end":{"line":10,"column":44}},"type":"if","locations":[{"start":{"line":10,"column":2},"end":{"line":10,"column":44}},{"start":{},"end":{}}],"line":10},"1":{"loc":{"start":{"line":13,"column":17},"end":{"line":13,"column":39}},"type":"binary-expr","locations":[{"start":{"line":13,"column":17},"end":{"line":13,"column":31}},{"start":{"line":13,"column":35},"end":{"line":13,"column":39}}],"line":13},"2":{"loc":{"start":{"line":16,"column":16},"end":{"line":16,"column":64}},"type":"binary-expr","locations":[{"start":{"line":16,"column":16},"end":{"line":16,"column":33}},{"start":{"line":16,"column":37},"end":{"line":16,"column":58}},{"start":{"line":16,"column":62},"end":{"line":16,"column":64}}],"line":16},"3":{"loc":{"start":{"line":24,"column":2},"end":{"line":24,"column":30}},"type":"if","locations":[{"start":{"line":24,"column":2},"end":{"line":24,"column":30}},{"start":{},"end":{}}],"line":24},"4":{"loc":{"start":{"line":26,"column":17},"end":{"line":26,"column":50}},"type":"binary-expr","locations":[{"start":{"line":26,"column":17},"end":{"line":26,"column":24}},{"start":{"line":26,"column":28},"end":{"line":26,"column":44}},{"start":{"line":26,"column":48},"end":{"line":26,"column":50}}],"line":26},"5":{"loc":{"start":{"line":27,"column":10},"end":{"line":27,"column":37}},"type":"binary-expr","locations":[{"start":{"line":27,"column":10},"end":{"line":27,"column":16}},{"start":{"line":27,"column":20},"end":{"line":27,"column":31}},{"start":{"line":27,"column":35},"end":{"line":27,"column":37}}],"line":27},"6":{"loc":{"start":{"line":28,"column":40},"end":{"line":28,"column":54}},"type":"binary-expr","locations":[{"start":{"line":28,"column":40},"end":{"line":28,"column":48}},{"start":{"line":28,"column":52},"end":{"line":28,"column":54}}],"line":28},"7":{"loc":{"start":{"line":32,"column":2},"end":{"line":32,"column":69}},"type":"if","locations":[{"start":{"line":32,"column":2},"end":{"line":32,"column":69}},{"start":{},"end":{}}],"line":32},"8":{"loc":{"start":{"line":33,"column":2},"end":{"line":33,"column":91}},"type":"if","locations":[{"start":{"line":33,"column":2},"end":{"line":33,"column":91}},{"start":{},"end":{}}],"line":33},"9":{"loc":{"start":{"line":36,"column":16},"end":{"line":36,"column":69}},"type":"binary-expr","locations":[{"start":{"line":36,"column":16},"end":{"line":36,"column":20}},{"start":{"line":36,"column":24},"end":{"line":36,"column":30}},{"start":{"line":36,"column":34},"end":{"line":36,"column":69}}],"line":36},"10":{"loc":{"start":{"line":39,"column":13},"end":{"line":39,"column":88}},"type":"binary-expr","locations":[{"start":{"line":39,"column":13},"end":{"line":39,"column":57}},{"start":{"line":39,"column":61},"end":{"line":39,"column":72}},{"start":{"line":39,"column":76},"end":{"line":39,"column":88}}],"line":39},"11":{"loc":{"start":{"line":39,"column":14},"end":{"line":39,"column":26}},"type":"binary-expr","locations":[{"start":{"line":39,"column":14},"end":{"line":39,"column":20}},{"start":{"line":39,"column":24},"end":{"line":39,"column":26}}],"line":39},"12":{"loc":{"start":{"line":40,"column":18},"end":{"line":40,"column":40}},"type":"binary-expr","locations":[{"start":{"line":40,"column":18},"end":{"line":40,"column":34}},{"start":{"line":40,"column":38},"end":{"line":40,"column":40}}],"line":40},"13":{"loc":{"start":{"line":41,"column":13},"end":{"line":41,"column":30}},"type":"binary-expr","locations":[{"start":{"line":41,"column":13},"end":{"line":41,"column":24}},{"start":{"line":41,"column":28},"end":{"line":41,"column":30}}],"line":41},"14":{"loc":{"start":{"line":42,"column":28},"end":{"line":42,"column":53}},"type":"binary-expr","locations":[{"start":{"line":42,"column":28},"end":{"line":42,"column":35}},{"start":{"line":42,"column":39},"end":{"line":42,"column":53}}],"line":42},"15":{"loc":{"start":{"line":46,"column":17},"end":{"line":46,"column":55}},"type":"binary-expr","locations":[{"start":{"line":46,"column":17},"end":{"line":46,"column":30}},{"start":{"line":46,"column":34},"end":{"line":46,"column":49}},{"start":{"line":46,"column":53},"end":{"line":46,"column":55}}],"line":46},"16":{"loc":{"start":{"line":47,"column":16},"end":{"line":47,"column":100}},"type":"cond-expr","locations":[{"start":{"line":47,"column":27},"end":{"line":47,"column":68}},{"start":{"line":47,"column":71},"end":{"line":47,"column":100}}],"line":47},"17":{"loc":{"start":{"line":53,"column":2},"end":{"line":53,"column":33}},"type":"if","locations":[{"start":{"line":53,"column":2},"end":{"line":53,"column":33}},{"start":{},"end":{}}],"line":53},"18":{"loc":{"start":{"line":54,"column":2},"end":{"line":54,"column":29}},"type":"if","locations":[{"start":{"line":54,"column":2},"end":{"line":54,"column":29}},{"start":{},"end":{}}],"line":54},"19":{"loc":{"start":{"line":55,"column":2},"end":{"line":55,"column":30}},"type":"if","locations":[{"start":{"line":55,"column":2},"end":{"line":55,"column":30}},{"start":{},"end":{}}],"line":55},"20":{"loc":{"start":{"line":56,"column":2},"end":{"line":56,"column":32}},"type":"if","locations":[{"start":{"line":56,"column":2},"end":{"line":56,"column":32}},{"start":{},"end":{}}],"line":56}},"s":{"0":1,"1":1,"2":1,"3":0,"4":0,"5":0,"6":0,"7":0,"8":0,"9":0,"10":0,"11":5,"12":5,"13":2,"14":3,"15":6,"16":6,"17":3,"18":3,"19":3,"20":3,"21":3,"22":3,"23":3,"24":6,"25":9,"26":1,"27":8,"28":2,"29":6,"30":1,"31":5,"32":1,"33":4,"34":1},"f":{"0":0,"1":5,"2":6,"3":6,"4":3,"5":6,"6":9},"b":{"0":[0,0],"1":[0,0],"2":[0,0,0],"3":[2,3],"4":[3,0,0],"5":[6,0,0],"6":[6,0],"7":[3,0],"8":[3,0],"9":[3,0,0],"10":[3,0,0],"11":[3,0],"12":[3,0],"13":[3,0],"14":[3,0],"15":[3,0,0],"16":[3,0],"17":[1,8],"18":[2,6],"19":[1,5],"20":[1,4]},"_coverageSchema":"1a1c01bbd47fc00a2c39e90264f33305004495a9","hash":"f92ec7b2404eb96bd0e6689ebd865c7b83a5f5d4"}
,"/Users/rajmahey/Documents/reservation-finder/apps/api/src/utils/cache.js": {"path":"/Users/rajmahey/Documents/reservation-finder/apps/api/src/utils/cache.js","statementMap":{"0":{"start":{"line":1,"column":21},"end":{"line":1,"column":41}},"1":{"start":{"line":3,"column":14},"end":{"line":6,"column":2}},"2":{"start":{"line":9,"column":2},"end":{"line":9,"column":73}},"3":{"start":{"line":12,"column":0},"end":{"line":12,"column":37}}},"fnMap":{"0":{"name":"cacheKey","decl":{"start":{"line":8,"column":9},"end":{"line":8,"column":17}},"loc":{"start":{"line":8,"column":51},"end":{"line":10,"column":1}},"line":8}},"branchMap":{},"s":{"0":6,"1":6,"2":4,"3":6},"f":{"0":4},"b":{},"_coverageSchema":"1a1c01bbd47fc00a2c39e90264f33305004495a9","hash":"17ef043a41a2c128a4b78c77a598790ec2426d5d"}
,"/Users/rajmahey/Documents/reservation-finder/apps/api/src/utils/cityCoords.js": {"path":"/Users/rajmahey/Documents/reservation-finder/apps/api/src/utils/cityCoords.js","statementMap":{"0":{"start":{"line":1,"column":14},"end":{"line":1,"column":30}},"1":{"start":{"line":3,"column":21},"end":{"line":3,"column":30}},"2":{"start":{"line":6,"column":2},"end":{"line":6,"column":34}},"3":{"start":{"line":6,"column":22},"end":{"line":6,"column":34}},"4":{"start":{"line":7,"column":14},"end":{"line":7,"column":40}},"5":{"start":{"line":8,"column":2},"end":{"line":8,"column":58}},"6":{"start":{"line":8,"column":29},"end":{"line":8,"column":58}},"7":{"start":{"line":10,"column":14},"end":{"line":14,"column":4}},"8":{"start":{"line":16,"column":16},"end":{"line":16,"column":29}},"9":{"start":{"line":17,"column":2},"end":{"line":17,"column":26}},"10":{"start":{"line":17,"column":14},"end":{"line":17,"column":26}},"11":{"start":{"line":19,"column":15},"end":{"line":19,"column":34}},"12":{"start":{"line":20,"column":17},"end":{"line":26,"column":3}},"13":{"start":{"line":28,"column":2},"end":{"line":28,"column":32}},"14":{"start":{"line":29,"column":2},"end":{"line":29,"column":16}},"15":{"start":{"line":32,"column":0},"end":{"line":32,"column":33}}},"fnMap":{"0":{"name":"resolveCity","decl":{"start":{"line":5,"column":15},"end":{"line":5,"column":26}},"loc":{"start":{"line":5,"column":34},"end":{"line":30,"column":1}},"line":5}},"branchMap":{"0":{"loc":{"start":{"line":6,"column":2},"end":{"line":6,"column":34}},"type":"if","locations":[{"start":{"line":6,"column":2},"end":{"line":6,"column":34}},{"start":{},"end":{}}],"line":6},"1":{"loc":{"start":{"line":8,"column":2},"end":{"line":8,"column":58}},"type":"if","locations":[{"start":{"line":8,"column":2},"end":{"line":8,"column":58}},{"start":{},"end":{}}],"line":8},"2":{"loc":{"start":{"line":17,"column":2},"end":{"line":17,"column":26}},"type":"if","locations":[{"start":{"line":17,"column":2},"end":{"line":17,"column":26}},{"start":{},"end":{}}],"line":17},"3":{"loc":{"start":{"line":19,"column":15},"end":{"line":19,"column":34}},"type":"binary-expr","locations":[{"start":{"line":19,"column":15},"end":{"line":19,"column":28}},{"start":{"line":19,"column":32},"end":{"line":19,"column":34}}],"line":19},"4":{"loc":{"start":{"line":24,"column":10},"end":{"line":24,"column":72}},"type":"binary-expr","locations":[{"start":{"line":24,"column":10},"end":{"line":24,"column":19}},{"start":{"line":24,"column":23},"end":{"line":24,"column":32}},{"start":{"line":24,"column":36},"end":{"line":24,"column":48}},{"start":{"line":24,"column":52},"end":{"line":24,"column":63}},{"start":{"line":24,"column":67},"end":{"line":24,"column":72}}],"line":24},"5":{"loc":{"start":{"line":25,"column":13},"end":{"line":25,"column":53}},"type":"binary-expr","locations":[{"start":{"line":25,"column":13},"end":{"line":25,"column":45}},{"start":{"line":25,"column":49},"end":{"line":25,"column":53}}],"line":25}},"s":{"0":0,"1":0,"2":0,"3":0,"4":0,"5":0,"6":0,"7":0,"8":0,"9":0,"10":0,"11":0,"12":0,"13":0,"14":0,"15":0},"f":{"0":0},"b":{"0":[0,0],"1":[0,0],"2":[0,0],"3":[0,0],"4":[0,0,0,0,0],"5":[0,0]}}
,"/Users/rajmahey/Documents/reservation-finder/apps/api/src/utils/httpClient.js": {"path":"/Users/rajmahey/Documents/reservation-finder/apps/api/src/utils/httpClient.js","statementMap":{"0":{"start":{"line":1,"column":14},"end":{"line":1,"column":30}},"1":{"start":{"line":3,"column":24},"end":{"line":9,"column":1}},"2":{"start":{"line":12,"column":2},"end":{"line":16,"column":5}},"3":{"start":{"line":19,"column":0},"end":{"line":19,"column":51}}},"fnMap":{"0":{"name":"createClient","decl":{"start":{"line":11,"column":9},"end":{"line":11,"column":21}},"loc":{"start":{"line":11,"column":50},"end":{"line":17,"column":1}},"line":11}},"branchMap":{"0":{"loc":{"start":{"line":11,"column":31},"end":{"line":11,"column":48}},"type":"default-arg","locations":[{"start":{"line":11,"column":46},"end":{"line":11,"column":48}}],"line":11}},"s":{"0":5,"1":5,"2":5,"3":5},"f":{"0":5},"b":{"0":[0]},"_coverageSchema":"1a1c01bbd47fc00a2c39e90264f33305004495a9","hash":"03ab0b6a63b4102d864a97c999ec3f54828844a3"}
}
