TN:
SF:src/enrichers/yelp.js
FN:5,enrichWithYelp
FN:26,(anonymous_1)
FN:34,(anonymous_2)
FN:43,normalize
FNF:4
FNH:0
FNDA:0,enrichWithYelp
FNDA:0,(anonymous_1)
FNDA:0,(anonymous_2)
FNDA:0,normalize
DA:1,1
DA:3,1
DA:6,0
DA:8,0
DA:9,0
DA:21,0
DA:22,0
DA:23,0
DA:26,0
DA:27,0
DA:28,0
DA:29,0
DA:34,0
DA:39,0
DA:44,0
DA:47,1
LF:16
LH:3
BRDA:6,0,0,0
BRDA:6,0,1,0
BRDA:6,1,0,0
BRDA:6,1,1,0
BRDA:22,2,0,0
BRDA:22,2,1,0
BRDA:28,3,0,0
BRDA:28,3,1,0
BRDA:31,4,0,0
BRDA:31,4,1,0
BRDA:32,5,0,0
BRDA:32,5,1,0
BRDA:33,6,0,0
BRDA:33,6,1,0
BRDA:34,7,0,0
BRDA:34,7,1,0
BRDA:34,7,2,0
BRDA:43,8,0,0
BRF:18
BRH:0
end_of_record
TN:
SF:src/routes/search.js
FN:12,(anonymous_0)
FN:13,(anonymous_1)
FN:14,(anonymous_2)
FN:15,(anonymous_3)
FN:16,(anonymous_4)
FN:19,sseWrite
FN:23,parseSearchQuery
FN:29,(anonymous_7)
FN:60,(anonymous_8)
FN:85,(anonymous_9)
FN:90,(anonymous_10)
FN:93,(anonymous_11)
FN:95,(anonymous_12)
FN:96,(anonymous_13)
FNF:14
FNH:13
FNDA:4,(anonymous_0)
FNDA:4,(anonymous_1)
FNDA:4,(anonymous_2)
FNDA:4,(anonymous_3)
FNDA:4,(anonymous_4)
FNDA:13,sseWrite
FNDA:8,parseSearchQuery
FNDA:3,(anonymous_7)
FNDA:5,(anonymous_8)
FNDA:5,(anonymous_9)
FNDA:0,(anonymous_10)
FNDA:15,(anonymous_11)
FNDA:15,(anonymous_12)
FNDA:15,(anonymous_13)
DA:1,1
DA:2,1
DA:3,1
DA:4,1
DA:5,1
DA:6,1
DA:7,1
DA:8,1
DA:9,1
DA:11,1
DA:12,4
DA:13,4
DA:14,4
DA:15,4
DA:16,4
DA:20,13
DA:24,8
DA:25,8
DA:29,1
DA:30,3
DA:32,3
DA:33,2
DA:36,1
DA:37,1
DA:38,1
DA:39,1
DA:40,1
DA:42,1
DA:43,1
DA:44,1
DA:45,1
DA:46,1
DA:47,0
DA:48,0
DA:50,1
DA:52,0
DA:53,0
DA:56,1
DA:57,1
DA:59,1
DA:61,5
DA:62,5
DA:63,5
DA:64,5
DA:65,5
DA:67,0
DA:72,1
DA:73,0
DA:74,0
DA:75,0
DA:76,0
DA:80,1
DA:81,1
DA:85,1
DA:86,5
DA:87,5
DA:89,3
DA:90,3
DA:91,3
DA:93,15
DA:94,3
DA:95,15
DA:96,15
DA:98,3
DA:100,0
DA:104,1
LF:66
LH:56
BRDA:24,0,0,5
BRDA:24,1,0,6
BRDA:25,2,0,8
BRDA:25,2,1,0
BRDA:32,3,0,2
BRDA:32,3,1,1
BRDA:32,4,0,3
BRDA:32,4,1,2
BRDA:46,5,0,0
BRDA:46,5,1,1
BRDA:72,6,0,0
BRDA:72,6,1,1
BRDA:72,7,0,1
BRDA:72,7,1,0
BRDA:87,8,0,2
BRDA:87,8,1,3
BRDA:87,9,0,5
BRDA:87,9,1,4
BRF:18
BRH:14
end_of_record
TN:
SF:src/scrapers/opentable.js
FN:11,searchRestaurants
FN:24,(anonymous_1)
FN:25,(anonymous_2)
FN:25,(anonymous_3)
FN:28,(anonymous_4)
FN:35,fetchAvailability
FN:52,(anonymous_6)
FN:60,normalizeRestaurant
FN:83,addHours
FNF:9
FNH:2
FNDA:0,searchRestaurants
FNDA:0,(anonymous_1)
FNDA:0,(anonymous_2)
FNDA:0,(anonymous_3)
FNDA:0,(anonymous_4)
FNDA:0,fetchAvailability
FNDA:0,(anonymous_6)
FNDA:6,normalizeRestaurant
FNDA:4,addHours
DA:1,1
DA:2,1
DA:3,1
DA:5,1
DA:9,1
DA:12,0
DA:13,0
DA:15,0
DA:16,0
DA:18,0
DA:19,0
DA:21,0
DA:22,0
DA:23,0
DA:25,0
DA:28,0
DA:29,0
DA:31,0
DA:32,0
DA:36,0
DA:37,0
DA:47,0
DA:52,0
DA:57,0
DA:61,6
DA:62,6
DA:63,1
DA:64,1
DA:66,6
DA:84,4
DA:85,4
DA:86,4
DA:89,1
LF:33
LH:14
BRDA:13,0,0,0
BRDA:13,0,1,0
BRDA:16,1,0,0
BRDA:16,1,1,0
BRDA:19,2,0,0
BRDA:19,2,1,0
BRDA:19,2,2,0
BRDA:36,3,0,0
BRDA:36,3,1,0
BRDA:41,4,0,0
BRDA:41,4,1,0
BRDA:42,5,0,0
BRDA:42,5,1,0
BRDA:52,6,0,0
BRDA:52,6,1,0
BRDA:53,7,0,0
BRDA:53,7,1,0
BRDA:62,8,0,5
BRDA:62,8,1,1
BRDA:63,9,0,0
BRDA:63,9,1,1
BRDA:64,10,0,0
BRDA:64,10,1,1
BRDA:67,11,0,6
BRDA:67,11,1,0
BRDA:67,11,2,0
BRDA:68,12,0,6
BRDA:68,12,1,1
BRDA:68,12,2,1
BRDA:70,13,0,5
BRDA:70,13,1,1
BRDA:70,14,0,1
BRDA:70,14,1,0
BRDA:70,14,2,0
BRDA:71,15,0,6
BRDA:71,15,1,0
BRDA:71,15,2,0
BRDA:72,16,0,6
BRDA:72,16,1,0
BRDA:72,16,2,0
BRDA:73,17,0,6
BRDA:73,17,1,1
BRDA:73,18,0,6
BRDA:73,18,1,1
BRDA:74,19,0,5
BRDA:74,19,1,1
BRDA:74,20,0,6
BRDA:74,20,1,1
BRDA:74,21,0,5
BRDA:74,21,1,0
BRDA:75,22,0,6
BRDA:75,22,1,0
BRDA:75,22,2,0
BRDA:77,23,0,6
BRDA:77,23,1,0
BRDA:77,23,2,0
BRDA:78,24,0,6
BRDA:78,24,1,0
BRDA:78,24,2,0
BRDA:78,24,3,0
BRDA:86,25,0,4
BRDA:86,25,1,2
BRF:62
BRH:27
end_of_record
TN:
SF:src/scrapers/resy.js
FN:15,searchRestaurants
FN:26,(anonymous_1)
FN:31,normalizeVenue
FN:33,(anonymous_3)
FN:44,(anonymous_4)
FNF:5
FNH:3
FNDA:0,searchRestaurants
FNDA:0,(anonymous_1)
FNDA:5,normalizeVenue
FNDA:10,(anonymous_3)
FNDA:10,(anonymous_4)
DA:1,1
DA:2,1
DA:4,1
DA:6,1
DA:13,1
DA:16,0
DA:18,0
DA:19,0
DA:21,0
DA:25,0
DA:26,0
DA:27,0
DA:28,0
DA:32,5
DA:33,5
DA:34,10
DA:35,10
DA:38,10
DA:44,10
DA:46,5
DA:48,5
DA:65,1
LF:22
LH:14
BRDA:4,0,0,1
BRDA:4,0,1,1
BRDA:16,1,0,0
BRDA:16,1,1,0
BRDA:19,2,0,0
BRDA:19,2,1,0
BRDA:25,3,0,0
BRDA:25,3,1,0
BRDA:32,4,0,5
BRDA:32,4,1,0
BRDA:33,5,0,5
BRDA:33,5,1,0
BRDA:35,6,0,10
BRDA:35,6,1,0
BRDA:40,7,0,8
BRDA:40,7,1,2
BRDA:46,8,0,5
BRDA:46,8,1,0
BRDA:49,9,0,5
BRDA:49,9,1,0
BRDA:49,9,2,0
BRDA:50,10,0,5
BRDA:50,10,1,0
BRDA:52,11,0,5
BRDA:52,11,1,1
BRDA:52,11,2,0
BRDA:52,12,0,5
BRDA:52,12,1,1
BRDA:53,13,0,5
BRDA:53,13,1,0
BRDA:53,13,2,0
BRDA:54,14,0,5
BRDA:54,14,1,0
BRDA:55,15,0,5
BRDA:55,15,1,0
BRDA:56,16,0,4
BRDA:56,16,1,1
BRDA:57,17,0,5
BRDA:57,17,1,1
BRDA:59,18,0,5
BRDA:59,18,1,0
BRDA:60,19,0,4
BRDA:60,19,1,1
BRF:43
BRH:24
end_of_record
TN:
SF:src/scrapers/sevenrooms.js
FN:11,searchRestaurants
FN:27,(anonymous_1)
FN:32,normalizeVenue
FN:39,(anonymous_3)
FN:44,(anonymous_4)
FN:65,derivePriceRange
FNF:6
FNH:4
FNDA:0,searchRestaurants
FNDA:0,(anonymous_1)
FNDA:4,normalizeVenue
FNDA:6,(anonymous_3)
FNDA:6,(anonymous_4)
FNDA:13,derivePriceRange
DA:3,1
DA:4,1
DA:6,1
DA:12,0
DA:14,0
DA:15,0
DA:17,0
DA:24,0
DA:25,0
DA:27,0
DA:28,0
DA:29,0
DA:33,4
DA:35,3
DA:36,3
DA:37,3
DA:39,6
DA:44,6
DA:46,3
DA:66,13
DA:67,12
DA:68,11
DA:69,10
DA:70,6
DA:71,5
DA:72,5
DA:73,4
DA:74,3
DA:75,2
DA:76,1
DA:79,1
LF:31
LH:22
BRDA:12,0,0,0
BRDA:12,0,1,0
BRDA:15,1,0,0
BRDA:15,1,1,0
BRDA:18,2,0,0
BRDA:18,2,1,0
BRDA:25,3,0,0
BRDA:25,3,1,0
BRDA:25,3,2,0
BRDA:33,4,0,1
BRDA:33,4,1,3
BRDA:36,5,0,3
BRDA:36,5,1,0
BRDA:37,6,0,0
BRDA:37,6,1,3
BRDA:39,7,0,3
BRDA:39,7,1,0
BRDA:40,8,0,6
BRDA:40,8,1,0
BRDA:40,8,2,0
BRDA:41,9,0,4
BRDA:41,9,1,2
BRDA:47,10,0,3
BRDA:47,10,1,0
BRDA:47,10,2,0
BRDA:50,11,0,3
BRDA:50,11,1,0
BRDA:50,11,2,0
BRDA:51,12,0,3
BRDA:51,12,1,0
BRDA:51,12,2,0
BRDA:52,13,0,3
BRDA:52,13,1,0
BRDA:54,14,0,3
BRDA:54,14,1,0
BRDA:55,15,0,3
BRDA:55,15,1,0
BRDA:57,16,0,3
BRDA:57,16,1,0
BRDA:57,16,2,0
BRDA:58,17,0,2
BRDA:58,17,1,1
BRDA:66,18,0,1
BRDA:66,18,1,12
BRDA:67,19,0,1
BRDA:67,19,1,11
BRDA:68,20,0,1
BRDA:68,20,1,10
BRDA:69,21,0,4
BRDA:69,21,1,6
BRDA:70,22,0,1
BRDA:70,22,1,5
BRDA:72,23,0,1
BRDA:72,23,1,4
BRDA:73,24,0,1
BRDA:73,24,1,3
BRDA:74,25,0,1
BRDA:74,25,1,2
BRDA:75,26,0,1
BRDA:75,26,1,1
BRF:60
BRH:35
end_of_record
TN:
SF:src/scrapers/thefork.js
FN:11,searchRestaurants
FN:29,(anonymous_1)
FN:34,normalizeRestaurant
FN:42,(anonymous_3)
FN:45,(anonymous_4)
FN:51,(anonymous_5)
FN:64,mapPrice
FN:69,buildTheForkUrl
FNF:8
FNH:6
FNDA:0,searchRestaurants
FNDA:0,(anonymous_1)
FNDA:4,normalizeRestaurant
FNDA:6,(anonymous_3)
FNDA:6,(anonymous_4)
FNDA:6,(anonymous_5)
FNDA:13,mapPrice
FNDA:9,buildTheForkUrl
DA:3,1
DA:4,1
DA:6,1
DA:12,0
DA:13,0
DA:15,0
DA:26,0
DA:27,0
DA:29,0
DA:30,0
DA:31,0
DA:35,4
DA:37,3
DA:38,3
DA:39,1
DA:40,1
DA:42,6
DA:45,6
DA:47,3
DA:51,6
DA:65,13
DA:66,13
DA:70,9
DA:71,9
DA:72,0
DA:75,1
LF:26
LH:17
BRDA:13,0,0,0
BRDA:13,0,1,0
BRDA:16,1,0,0
BRDA:16,1,1,0
BRDA:27,2,0,0
BRDA:27,2,1,0
BRDA:27,2,2,0
BRDA:27,2,3,0
BRDA:35,3,0,1
BRDA:35,3,1,3
BRDA:38,4,0,2
BRDA:38,4,1,1
BRDA:39,5,0,0
BRDA:39,5,1,1
BRDA:40,6,0,1
BRDA:40,6,1,0
BRDA:42,7,0,3
BRDA:42,7,1,0
BRDA:42,7,2,0
BRDA:43,8,0,6
BRDA:43,8,1,0
BRDA:43,8,2,0
BRDA:44,9,0,6
BRDA:44,9,1,6
BRDA:44,9,2,6
BRDA:48,10,0,3
BRDA:48,10,1,0
BRDA:48,10,2,0
BRDA:51,11,0,3
BRDA:51,11,1,0
BRDA:51,11,2,0
BRDA:52,12,0,3
BRDA:52,12,1,0
BRDA:52,12,2,0
BRDA:53,13,0,3
BRDA:53,13,1,0
BRDA:53,13,2,0
BRDA:55,14,0,3
BRDA:55,14,1,0
BRDA:56,15,0,3
BRDA:56,15,1,0
BRDA:56,15,2,0
BRDA:58,16,0,3
BRDA:58,16,1,0
BRDA:58,16,2,0
BRDA:59,17,0,3
BRDA:59,17,1,3
BRDA:66,18,0,13
BRDA:66,18,1,2
BRDA:70,19,0,9
BRDA:70,19,1,0
BRDA:71,20,0,9
BRDA:71,20,1,0
BRF:53
BRH:24
end_of_record
TN:
SF:src/scrapers/tock.js
FN:8,searchRestaurants
FN:22,normalizeExperience
FN:26,(anonymous_2)
FN:29,(anonymous_3)
FN:33,(anonymous_4)
FN:39,(anonymous_5)
FN:52,derivePriceRange
FNF:7
FNH:6
FNDA:0,searchRestaurants
FNDA:5,normalizeExperience
FNDA:6,(anonymous_2)
FNDA:6,(anonymous_3)
FNDA:3,(anonymous_4)
FNDA:6,(anonymous_5)
FNDA:9,derivePriceRange
DA:1,1
DA:2,1
DA:4,1
DA:9,0
DA:10,0
DA:12,0
DA:16,0
DA:17,0
DA:18,0
DA:19,0
DA:23,5
DA:24,5
DA:26,6
DA:29,6
DA:31,3
DA:32,3
DA:33,3
DA:35,3
DA:39,6
DA:53,9
DA:54,8
DA:55,6
DA:56,5
DA:57,4
DA:60,1
LF:25
LH:18
BRDA:10,0,0,0
BRDA:10,0,1,0
BRDA:13,1,0,0
BRDA:13,1,1,0
BRDA:16,2,0,0
BRDA:16,2,1,0
BRDA:16,2,2,0
BRDA:24,3,0,2
BRDA:24,3,1,3
BRDA:26,4,0,3
BRDA:26,4,1,0
BRDA:26,4,2,0
BRDA:27,5,0,6
BRDA:27,5,1,0
BRDA:27,5,2,0
BRDA:28,6,0,6
BRDA:28,6,1,0
BRDA:32,7,0,3
BRDA:32,7,1,0
BRDA:33,8,0,3
BRDA:33,8,1,0
BRDA:36,9,0,3
BRDA:36,9,1,0
BRDA:36,9,2,0
BRDA:39,10,0,3
BRDA:39,10,1,0
BRDA:39,10,2,0
BRDA:39,11,0,3
BRDA:39,11,1,0
BRDA:40,12,0,3
BRDA:40,12,1,0
BRDA:41,13,0,3
BRDA:41,13,1,0
BRDA:42,14,0,3
BRDA:42,14,1,0
BRDA:46,15,0,3
BRDA:46,15,1,0
BRDA:46,15,2,0
BRDA:47,16,0,3
BRDA:47,16,1,0
BRDA:53,17,0,1
BRDA:53,17,1,8
BRDA:54,18,0,2
BRDA:54,18,1,6
BRDA:55,19,0,1
BRDA:55,19,1,5
BRDA:56,20,0,1
BRDA:56,20,1,4
BRF:48
BRH:23
end_of_record
TN:
SF:src/utils/cache.js
FN:8,cacheKey
FNF:1
FNH:1
FNDA:4,cacheKey
DA:1,6
DA:3,6
DA:9,4
DA:12,6
LF:4
LH:4
BRF:0
BRH:0
end_of_record
TN:
SF:src/utils/cityCoords.js
FN:5,resolveCity
FNF:1
FNH:0
FNDA:0,resolveCity
DA:1,0
DA:3,0
DA:6,0
DA:7,0
DA:8,0
DA:10,0
DA:16,0
DA:17,0
DA:19,0
DA:20,0
DA:28,0
DA:29,0
DA:32,0
LF:13
LH:0
BRDA:6,0,0,0
BRDA:6,0,1,0
BRDA:8,1,0,0
BRDA:8,1,1,0
BRDA:17,2,0,0
BRDA:17,2,1,0
BRDA:19,3,0,0
BRDA:19,3,1,0
BRDA:24,4,0,0
BRDA:24,4,1,0
BRDA:24,4,2,0
BRDA:24,4,3,0
BRDA:24,4,4,0
BRDA:25,5,0,0
BRDA:25,5,1,0
BRF:15
BRH:0
end_of_record
TN:
SF:src/utils/httpClient.js
FN:11,createClient
FNF:1
FNH:1
FNDA:5,createClient
DA:1,5
DA:3,5
DA:12,5
DA:19,5
LF:4
LH:4
BRDA:11,0,0,0
BRF:1
BRH:0
end_of_record
